{"/Users/8teen/Documents/mitadt forms/src/App.tsx": {"path":"/Users/8teen/Documents/mitadt forms/src/App.tsx","statementMap":{"0":{"start":{"line":15,"column":12},"end":{"line":44,"column":null}},"1":{"start":{"line":16,"column":2},"end":{"line":42,"column":null}}},"fnMap":{"0":{"name":"(anonymous_0)","decl":{"start":{"line":15,"column":12},"end":{"line":15,"column":18}},"loc":{"start":{"line":15,"column":18},"end":{"line":44,"column":null}},"line":15}},"branchMap":{},"s":{"0":0,"1":0},"f":{"0":0},"b":{},"meta":{"lastBranch":0,"lastFunction":1,"lastStatement":2,"seen":{"s:15:12:44:Infinity":0,"f:15:12:15:18":0,"s:16:2:42:Infinity":1}}}
,"/Users/8teen/Documents/mitadt forms/src/main.tsx": {"path":"/Users/8teen/Documents/mitadt forms/src/main.tsx","statementMap":{"0":{"start":{"line":9,"column":20},"end":{"line":16,"column":null}},"1":{"start":{"line":18,"column":0},"end":{"line":28,"column":null}}},"fnMap":{},"branchMap":{},"s":{"0":0,"1":0},"f":{},"b":{},"meta":{"lastBranch":0,"lastFunction":0,"lastStatement":2,"seen":{"s:9:20:16:Infinity":0,"s:18:0:28:Infinity":1}}}
,"/Users/8teen/Documents/mitadt forms/src/components/AIInputWithSuggestions.tsx": {"path":"/Users/8teen/Documents/mitadt forms/src/components/AIInputWithSuggestions.tsx","statementMap":{"0":{"start":{"line":5,"column":0},"end":{"line":5,"column":null}},"1":{"start":{"line":32,"column":42},"end":{"line":32,"column":null}},"2":{"start":{"line":33,"column":10},"end":{"line":33,"column":null}},"3":{"start":{"line":35,"column":18},"end":{"line":35,"column":null}},"4":{"start":{"line":37,"column":30},"end":{"line":44,"column":null}},"5":{"start":{"line":38,"column":23},"end":{"line":38,"column":null}},"6":{"start":{"line":39,"column":8},"end":{"line":43,"column":null}},"7":{"start":{"line":40,"column":12},"end":{"line":40,"column":null}},"8":{"start":{"line":42,"column":12},"end":{"line":42,"column":null}},"9":{"start":{"line":47,"column":4},"end":{"line":54,"column":null}},"10":{"start":{"line":48,"column":25},"end":{"line":48,"column":null}},"11":{"start":{"line":49,"column":8},"end":{"line":53,"column":null}},"12":{"start":{"line":50,"column":12},"end":{"line":50,"column":null}},"13":{"start":{"line":51,"column":30},"end":{"line":51,"column":null}},"14":{"start":{"line":52,"column":12},"end":{"line":52,"column":null}},"15":{"start":{"line":56,"column":4},"end":{"line":86,"column":null}},"16":{"start":{"line":73,"column":28},"end":{"line":75,"column":null}},"17":{"start":{"line":74,"column":32},"end":{"line":74,"column":null}},"18":{"start":{"line":76,"column":28},"end":{"line":81,"column":null}},"19":{"start":{"line":77,"column":32},"end":{"line":80,"column":null}},"20":{"start":{"line":78,"column":36},"end":{"line":78,"column":null}},"21":{"start":{"line":79,"column":36},"end":{"line":79,"column":null}}},"fnMap":{"0":{"name":"AIInputWithSuggestions","decl":{"start":{"line":20,"column":16},"end":{"line":20,"column":39}},"loc":{"start":{"line":31,"column":32},"end":{"line":88,"column":null}},"line":31},"1":{"name":"(anonymous_1)","decl":{"start":{"line":37,"column":30},"end":{"line":37,"column":31}},"loc":{"start":{"line":37,"column":77},"end":{"line":44,"column":null}},"line":37},"2":{"name":"(anonymous_2)","decl":{"start":{"line":47,"column":14},"end":{"line":47,"column":20}},"loc":{"start":{"line":47,"column":20},"end":{"line":54,"column":7}},"line":47},"3":{"name":"(anonymous_3)","decl":{"start":{"line":72,"column":35},"end":{"line":72,"column":36}},"loc":{"start":{"line":72,"column":42},"end":{"line":82,"column":null}},"line":72}},"branchMap":{"0":{"loc":{"start":{"line":21,"column":4},"end":{"line":21,"column":null}},"type":"default-arg","locations":[{"start":{"line":21,"column":9},"end":{"line":21,"column":null}}],"line":21},"1":{"loc":{"start":{"line":22,"column":4},"end":{"line":22,"column":null}},"type":"default-arg","locations":[{"start":{"line":22,"column":18},"end":{"line":22,"column":null}}],"line":22},"2":{"loc":{"start":{"line":23,"column":4},"end":{"line":23,"column":null}},"type":"default-arg","locations":[{"start":{"line":23,"column":16},"end":{"line":23,"column":null}}],"line":23},"3":{"loc":{"start":{"line":24,"column":4},"end":{"line":24,"column":null}},"type":"default-arg","locations":[{"start":{"line":24,"column":16},"end":{"line":24,"column":null}}],"line":24},"4":{"loc":{"start":{"line":35,"column":18},"end":{"line":35,"column":null}},"type":"cond-expr","locations":[{"start":{"line":35,"column":48},"end":{"line":35,"column":64}},{"start":{"line":35,"column":64},"end":{"line":35,"column":null}}],"line":35},"5":{"loc":{"start":{"line":39,"column":8},"end":{"line":43,"column":null}},"type":"if","locations":[{"start":{"line":39,"column":8},"end":{"line":43,"column":null}},{"start":{"line":41,"column":15},"end":{"line":43,"column":null}}],"line":39},"6":{"loc":{"start":{"line":49,"column":8},"end":{"line":53,"column":null}},"type":"if","locations":[{"start":{"line":49,"column":8},"end":{"line":53,"column":null}},{"start":{},"end":{}}],"line":49},"7":{"loc":{"start":{"line":67,"column":28},"end":{"line":67,"column":null}},"type":"binary-expr","locations":[{"start":{"line":67,"column":28},"end":{"line":67,"column":40}},{"start":{"line":67,"column":40},"end":{"line":67,"column":null}}],"line":67},"8":{"loc":{"start":{"line":73,"column":28},"end":{"line":75,"column":null}},"type":"if","locations":[{"start":{"line":73,"column":28},"end":{"line":75,"column":null}},{"start":{},"end":{}}],"line":73},"9":{"loc":{"start":{"line":76,"column":28},"end":{"line":81,"column":null}},"type":"if","locations":[{"start":{"line":76,"column":28},"end":{"line":81,"column":null}},{"start":{},"end":{}}],"line":76},"10":{"loc":{"start":{"line":76,"column":32},"end":{"line":76,"column":66}},"type":"binary-expr","locations":[{"start":{"line":76,"column":32},"end":{"line":76,"column":53}},{"start":{"line":76,"column":53},"end":{"line":76,"column":66}}],"line":76},"11":{"loc":{"start":{"line":77,"column":32},"end":{"line":80,"column":null}},"type":"if","locations":[{"start":{"line":77,"column":32},"end":{"line":80,"column":null}},{"start":{},"end":{}}],"line":77}},"s":{"0":4,"1":5,"2":5,"3":5,"4":5,"5":1,"6":1,"7":1,"8":0,"9":5,"10":3,"11":3,"12":3,"13":3,"14":3,"15":5,"16":0,"17":0,"18":0,"19":0,"20":0,"21":0},"f":{"0":5,"1":1,"2":3,"3":0},"b":{"0":[5],"1":[5],"2":[5],"3":[5],"4":[5,0],"5":[1,0],"6":[3,0],"7":[5,3],"8":[0,0],"9":[0,0],"10":[0,0],"11":[0,0]},"meta":{"lastBranch":12,"lastFunction":4,"lastStatement":22,"seen":{"s:5:0:5:Infinity":0,"f:20:16:20:39":0,"b:21:9:21:Infinity":0,"b:22:18:22:Infinity":1,"b:23:16:23:Infinity":2,"b:24:16:24:Infinity":3,"s:32:42:32:Infinity":1,"s:33:10:33:Infinity":2,"s:35:18:35:Infinity":3,"b:35:48:35:64:35:64:35:Infinity":4,"s:37:30:44:Infinity":4,"f:37:30:37:31":1,"s:38:23:38:Infinity":5,"b:39:8:43:Infinity:41:15:43:Infinity":5,"s:39:8:43:Infinity":6,"s:40:12:40:Infinity":7,"s:42:12:42:Infinity":8,"s:47:4:54:Infinity":9,"f:47:14:47:20":2,"s:48:25:48:Infinity":10,"b:49:8:53:Infinity:undefined:undefined:undefined:undefined":6,"s:49:8:53:Infinity":11,"s:50:12:50:Infinity":12,"s:51:30:51:Infinity":13,"s:52:12:52:Infinity":14,"s:56:4:86:Infinity":15,"b:67:28:67:40:67:40:67:Infinity":7,"f:72:35:72:36":3,"b:73:28:75:Infinity:undefined:undefined:undefined:undefined":8,"s:73:28:75:Infinity":16,"s:74:32:74:Infinity":17,"b:76:28:81:Infinity:undefined:undefined:undefined:undefined":9,"s:76:28:81:Infinity":18,"b:76:32:76:53:76:53:76:66":10,"b:77:32:80:Infinity:undefined:undefined:undefined:undefined":11,"s:77:32:80:Infinity":19,"s:78:36:78:Infinity":20,"s:79:36:79:Infinity":21}}}
,"/Users/8teen/Documents/mitadt forms/src/components/AppShell.tsx": {"path":"/Users/8teen/Documents/mitadt forms/src/components/AppShell.tsx","statementMap":{"0":{"start":{"line":13,"column":22},"end":{"line":19,"column":null}},"1":{"start":{"line":13,"column":34},"end":{"line":19,"column":null}},"2":{"start":{"line":21,"column":17},"end":{"line":109,"column":null}},"3":{"start":{"line":22,"column":27},"end":{"line":22,"column":null}},"4":{"start":{"line":23,"column":8},"end":{"line":23,"column":null}},"5":{"start":{"line":25,"column":23},"end":{"line":28,"column":null}},"6":{"start":{"line":26,"column":4},"end":{"line":26,"column":null}},"7":{"start":{"line":27,"column":4},"end":{"line":27,"column":null}},"8":{"start":{"line":30,"column":2},"end":{"line":107,"column":null}}},"fnMap":{"0":{"name":"(anonymous_0)","decl":{"start":{"line":13,"column":22},"end":{"line":13,"column":23}},"loc":{"start":{"line":13,"column":34},"end":{"line":19,"column":null}},"line":13},"1":{"name":"(anonymous_1)","decl":{"start":{"line":21,"column":17},"end":{"line":21,"column":23}},"loc":{"start":{"line":21,"column":23},"end":{"line":109,"column":null}},"line":21},"2":{"name":"(anonymous_2)","decl":{"start":{"line":25,"column":23},"end":{"line":25,"column":35}},"loc":{"start":{"line":25,"column":35},"end":{"line":28,"column":null}},"line":25}},"branchMap":{"0":{"loc":{"start":{"line":16,"column":4},"end":{"line":18,"column":null}},"type":"cond-expr","locations":[{"start":{"line":17,"column":8},"end":{"line":17,"column":null}},{"start":{"line":18,"column":8},"end":{"line":18,"column":null}}],"line":16},"1":{"loc":{"start":{"line":81,"column":73},"end":{"line":81,"column":111}},"type":"binary-expr","locations":[{"start":{"line":81,"column":73},"end":{"line":81,"column":95}},{"start":{"line":81,"column":95},"end":{"line":81,"column":111}}],"line":81}},"s":{"0":1,"1":6,"2":1,"3":2,"4":2,"5":2,"6":0,"7":0,"8":2},"f":{"0":6,"1":2,"2":0},"b":{"0":[0,6],"1":[2,1]},"meta":{"lastBranch":2,"lastFunction":3,"lastStatement":9,"seen":{"s:13:22:19:Infinity":0,"f:13:22:13:23":0,"s:13:34:19:Infinity":1,"b:17:8:17:Infinity:18:8:18:Infinity":0,"s:21:17:109:Infinity":2,"f:21:17:21:23":1,"s:22:27:22:Infinity":3,"s:23:8:23:Infinity":4,"s:25:23:28:Infinity":5,"f:25:23:25:35":2,"s:26:4:26:Infinity":6,"s:27:4:27:Infinity":7,"s:30:2:107:Infinity":8,"b:81:73:81:95:81:95:81:111":1}}}
,"/Users/8teen/Documents/mitadt forms/src/components/DynamicField.tsx": {"path":"/Users/8teen/Documents/mitadt forms/src/components/DynamicField.tsx","statementMap":{"0":{"start":{"line":16,"column":2},"end":{"line":16,"column":null}},"1":{"start":{"line":18,"column":21},"end":{"line":143,"column":null}},"2":{"start":{"line":19,"column":18},"end":{"line":19,"column":null}},"3":{"start":{"line":21,"column":2},"end":{"line":30,"column":null}},"4":{"start":{"line":22,"column":4},"end":{"line":28,"column":null}},"5":{"start":{"line":32,"column":2},"end":{"line":141,"column":null}},"6":{"start":{"line":46,"column":31},"end":{"line":46,"column":null}},"7":{"start":{"line":59,"column":29},"end":{"line":59,"column":null}},"8":{"start":{"line":72,"column":31},"end":{"line":72,"column":null}},"9":{"start":{"line":84,"column":31},"end":{"line":84,"column":null}},"10":{"start":{"line":95,"column":31},"end":{"line":95,"column":null}},"11":{"start":{"line":101,"column":12},"end":{"line":103,"column":null}},"12":{"start":{"line":111,"column":35},"end":{"line":111,"column":null}},"13":{"start":{"line":112,"column":28},"end":{"line":112,"column":null}},"14":{"start":{"line":114,"column":12},"end":{"line":134,"column":null}},"15":{"start":{"line":122,"column":20},"end":{"line":124,"column":null}},"16":{"start":{"line":123,"column":22},"end":{"line":123,"column":null}},"17":{"start":{"line":126,"column":20},"end":{"line":130,"column":null}},"18":{"start":{"line":127,"column":22},"end":{"line":127,"column":null}},"19":{"start":{"line":129,"column":22},"end":{"line":129,"column":null}},"20":{"start":{"line":129,"column":63},"end":{"line":129,"column":78}}},"fnMap":{"0":{"name":"(anonymous_0)","decl":{"start":{"line":18,"column":21},"end":{"line":18,"column":22}},"loc":{"start":{"line":18,"column":115},"end":{"line":143,"column":null}},"line":18},"1":{"name":"(anonymous_1)","decl":{"start":{"line":46,"column":20},"end":{"line":46,"column":21}},"loc":{"start":{"line":46,"column":31},"end":{"line":46,"column":null}},"line":46},"2":{"name":"(anonymous_2)","decl":{"start":{"line":59,"column":20},"end":{"line":59,"column":21}},"loc":{"start":{"line":59,"column":29},"end":{"line":59,"column":null}},"line":59},"3":{"name":"(anonymous_3)","decl":{"start":{"line":72,"column":20},"end":{"line":72,"column":21}},"loc":{"start":{"line":72,"column":31},"end":{"line":72,"column":null}},"line":72},"4":{"name":"(anonymous_4)","decl":{"start":{"line":84,"column":20},"end":{"line":84,"column":21}},"loc":{"start":{"line":84,"column":31},"end":{"line":84,"column":null}},"line":84},"5":{"name":"(anonymous_5)","decl":{"start":{"line":95,"column":20},"end":{"line":95,"column":21}},"loc":{"start":{"line":95,"column":31},"end":{"line":95,"column":null}},"line":95},"6":{"name":"(anonymous_6)","decl":{"start":{"line":100,"column":23},"end":{"line":100,"column":24}},"loc":{"start":{"line":101,"column":12},"end":{"line":103,"column":null}},"line":101},"7":{"name":"(anonymous_7)","decl":{"start":{"line":110,"column":23},"end":{"line":110,"column":24}},"loc":{"start":{"line":110,"column":35},"end":{"line":136,"column":11}},"line":110},"8":{"name":"(anonymous_8)","decl":{"start":{"line":121,"column":28},"end":{"line":121,"column":29}},"loc":{"start":{"line":121,"column":39},"end":{"line":131,"column":null}},"line":121},"9":{"name":"(anonymous_9)","decl":{"start":{"line":129,"column":53},"end":{"line":129,"column":54}},"loc":{"start":{"line":129,"column":63},"end":{"line":129,"column":78}},"line":129}},"branchMap":{"0":{"loc":{"start":{"line":18,"column":55},"end":{"line":18,"column":73}},"type":"default-arg","locations":[{"start":{"line":18,"column":66},"end":{"line":18,"column":73}}],"line":18},"1":{"loc":{"start":{"line":18,"column":73},"end":{"line":18,"column":90}},"type":"default-arg","locations":[{"start":{"line":18,"column":84},"end":{"line":18,"column":90}}],"line":18},"2":{"loc":{"start":{"line":19,"column":18},"end":{"line":19,"column":null}},"type":"binary-expr","locations":[{"start":{"line":19,"column":18},"end":{"line":19,"column":44}},{"start":{"line":19,"column":44},"end":{"line":19,"column":null}}],"line":19},"3":{"loc":{"start":{"line":21,"column":2},"end":{"line":30,"column":null}},"type":"if","locations":[{"start":{"line":21,"column":2},"end":{"line":30,"column":null}},{"start":{},"end":{}}],"line":21},"4":{"loc":{"start":{"line":24,"column":94},"end":{"line":26,"column":null}},"type":"binary-expr","locations":[{"start":{"line":25,"column":10},"end":{"line":25,"column":47}},{"start":{"line":25,"column":47},"end":{"line":25,"column":null}},{"start":{"line":26,"column":10},"end":{"line":26,"column":null}}],"line":24},"5":{"loc":{"start":{"line":26,"column":52},"end":{"line":26,"column":105}},"type":"binary-expr","locations":[{"start":{"line":26,"column":52},"end":{"line":26,"column":89}},{"start":{"line":26,"column":89},"end":{"line":26,"column":105}}],"line":26},"6":{"loc":{"start":{"line":36,"column":9},"end":{"line":36,"column":null}},"type":"cond-expr","locations":[{"start":{"line":36,"column":26},"end":{"line":36,"column":83}},{"start":{"line":36,"column":83},"end":{"line":36,"column":null}}],"line":36},"7":{"loc":{"start":{"line":38,"column":7},"end":{"line":38,"column":null}},"type":"cond-expr","locations":[{"start":{"line":38,"column":25},"end":{"line":38,"column":102}},{"start":{"line":38,"column":102},"end":{"line":38,"column":null}}],"line":38},"8":{"loc":{"start":{"line":38,"column":102},"end":{"line":49,"column":null}},"type":"binary-expr","locations":[{"start":{"line":40,"column":8},"end":{"line":40,"column":45}},{"start":{"line":40,"column":45},"end":{"line":40,"column":null}},{"start":{"line":41,"column":8},"end":{"line":49,"column":null}}],"line":38},"9":{"loc":{"start":{"line":42,"column":16},"end":{"line":42,"column":null}},"type":"cond-expr","locations":[{"start":{"line":42,"column":47},"end":{"line":42,"column":57}},{"start":{"line":42,"column":57},"end":{"line":42,"column":null}}],"line":42},"10":{"loc":{"start":{"line":44,"column":23},"end":{"line":44,"column":null}},"type":"cond-expr","locations":[{"start":{"line":44,"column":54},"end":{"line":44,"column":76}},{"start":{"line":44,"column":76},"end":{"line":44,"column":null}}],"line":44},"11":{"loc":{"start":{"line":45,"column":17},"end":{"line":45,"column":null}},"type":"cond-expr","locations":[{"start":{"line":45,"column":45},"end":{"line":45,"column":53}},{"start":{"line":45,"column":53},"end":{"line":45,"column":null}}],"line":45},"12":{"loc":{"start":{"line":47,"column":20},"end":{"line":47,"column":null}},"type":"binary-expr","locations":[{"start":{"line":47,"column":20},"end":{"line":47,"column":32}},{"start":{"line":47,"column":32},"end":{"line":47,"column":null}}],"line":47},"13":{"loc":{"start":{"line":52,"column":7},"end":{"line":62,"column":null}},"type":"binary-expr","locations":[{"start":{"line":52,"column":7},"end":{"line":52,"column":null}},{"start":{"line":53,"column":8},"end":{"line":62,"column":null}}],"line":52},"14":{"loc":{"start":{"line":58,"column":17},"end":{"line":58,"column":null}},"type":"cond-expr","locations":[{"start":{"line":58,"column":45},"end":{"line":58,"column":53}},{"start":{"line":58,"column":53},"end":{"line":58,"column":null}}],"line":58},"15":{"loc":{"start":{"line":60,"column":20},"end":{"line":60,"column":null}},"type":"binary-expr","locations":[{"start":{"line":60,"column":20},"end":{"line":60,"column":32}},{"start":{"line":60,"column":32},"end":{"line":60,"column":null}}],"line":60},"16":{"loc":{"start":{"line":65,"column":7},"end":{"line":76,"column":null}},"type":"binary-expr","locations":[{"start":{"line":65,"column":7},"end":{"line":65,"column":null}},{"start":{"line":66,"column":8},"end":{"line":76,"column":null}}],"line":65},"17":{"loc":{"start":{"line":69,"column":15},"end":{"line":69,"column":null}},"type":"cond-expr","locations":[{"start":{"line":69,"column":56},"end":{"line":69,"column":76}},{"start":{"line":69,"column":76},"end":{"line":69,"column":null}}],"line":69},"18":{"loc":{"start":{"line":70,"column":15},"end":{"line":70,"column":null}},"type":"cond-expr","locations":[{"start":{"line":70,"column":56},"end":{"line":70,"column":76}},{"start":{"line":70,"column":76},"end":{"line":70,"column":null}}],"line":70},"19":{"loc":{"start":{"line":71,"column":17},"end":{"line":71,"column":null}},"type":"cond-expr","locations":[{"start":{"line":71,"column":74},"end":{"line":71,"column":82}},{"start":{"line":71,"column":82},"end":{"line":71,"column":null}}],"line":71},"20":{"loc":{"start":{"line":71,"column":17},"end":{"line":71,"column":74}},"type":"binary-expr","locations":[{"start":{"line":71,"column":17},"end":{"line":71,"column":46}},{"start":{"line":71,"column":46},"end":{"line":71,"column":74}}],"line":71},"21":{"loc":{"start":{"line":79,"column":7},"end":{"line":88,"column":null}},"type":"binary-expr","locations":[{"start":{"line":79,"column":7},"end":{"line":79,"column":null}},{"start":{"line":80,"column":8},"end":{"line":88,"column":null}}],"line":79},"22":{"loc":{"start":{"line":83,"column":17},"end":{"line":83,"column":null}},"type":"cond-expr","locations":[{"start":{"line":83,"column":45},"end":{"line":83,"column":53}},{"start":{"line":83,"column":53},"end":{"line":83,"column":null}}],"line":83},"23":{"loc":{"start":{"line":91,"column":7},"end":{"line":105,"column":null}},"type":"binary-expr","locations":[{"start":{"line":91,"column":7},"end":{"line":91,"column":null}},{"start":{"line":92,"column":8},"end":{"line":105,"column":null}}],"line":91},"24":{"loc":{"start":{"line":94,"column":17},"end":{"line":94,"column":null}},"type":"cond-expr","locations":[{"start":{"line":94,"column":45},"end":{"line":94,"column":53}},{"start":{"line":94,"column":53},"end":{"line":94,"column":null}}],"line":94},"25":{"loc":{"start":{"line":96,"column":20},"end":{"line":96,"column":null}},"type":"binary-expr","locations":[{"start":{"line":96,"column":20},"end":{"line":96,"column":32}},{"start":{"line":96,"column":32},"end":{"line":96,"column":null}}],"line":96},"26":{"loc":{"start":{"line":108,"column":7},"end":{"line":137,"column":null}},"type":"binary-expr","locations":[{"start":{"line":108,"column":7},"end":{"line":108,"column":null}},{"start":{"line":109,"column":8},"end":{"line":137,"column":null}}],"line":108},"27":{"loc":{"start":{"line":111,"column":35},"end":{"line":111,"column":null}},"type":"cond-expr","locations":[{"start":{"line":111,"column":58},"end":{"line":111,"column":66}},{"start":{"line":111,"column":66},"end":{"line":111,"column":null}}],"line":111},"28":{"loc":{"start":{"line":119,"column":28},"end":{"line":119,"column":null}},"type":"binary-expr","locations":[{"start":{"line":119,"column":28},"end":{"line":119,"column":40}},{"start":{"line":119,"column":40},"end":{"line":119,"column":null}}],"line":119},"29":{"loc":{"start":{"line":122,"column":20},"end":{"line":124,"column":null}},"type":"if","locations":[{"start":{"line":122,"column":20},"end":{"line":124,"column":null}},{"start":{},"end":{}}],"line":122},"30":{"loc":{"start":{"line":126,"column":20},"end":{"line":130,"column":null}},"type":"if","locations":[{"start":{"line":126,"column":20},"end":{"line":130,"column":null}},{"start":{"line":128,"column":27},"end":{"line":130,"column":null}}],"line":126},"31":{"loc":{"start":{"line":140,"column":7},"end":{"line":140,"column":null}},"type":"cond-expr","locations":[{"start":{"line":140,"column":15},"end":{"line":140,"column":70}},{"start":{"line":140,"column":70},"end":{"line":140,"column":null}}],"line":140}},"s":{"0":4,"1":4,"2":41,"3":41,"4":1,"5":40,"6":3,"7":1,"8":0,"9":0,"10":0,"11":2,"12":2,"13":2,"14":2,"15":0,"16":0,"17":0,"18":0,"19":0,"20":0},"f":{"0":41,"1":3,"2":1,"3":0,"4":0,"5":0,"6":2,"7":2,"8":0,"9":0},"b":{"0":[41],"1":[41],"2":[41,39],"3":[1,40],"4":[1,1,1],"5":[1,1],"6":[40,0],"7":[4,36],"8":[41,16,31],"9":[7,24],"10":[7,24],"11":[21,10],"12":[31,16],"13":[41,5],"14":[4,1],"15":[5,2],"16":[41,1],"17":[0,1],"18":[0,1],"19":[1,0],"20":[1,0],"21":[41,1],"22":[1,0],"23":[41,1],"24":[1,0],"25":[1,0],"26":[41,1],"27":[2,0],"28":[2,2],"29":[0,0],"30":[0,0],"31":[2,38]},"meta":{"lastBranch":32,"lastFunction":10,"lastStatement":21,"seen":{"s:16:2:16:Infinity":0,"s:18:21:143:Infinity":1,"f:18:21:18:22":0,"b:18:66:18:73":0,"b:18:84:18:90":1,"s:19:18:19:Infinity":2,"b:19:18:19:44:19:44:19:Infinity":2,"b:21:2:30:Infinity:undefined:undefined:undefined:undefined":3,"s:21:2:30:Infinity":3,"s:22:4:28:Infinity":4,"b:25:10:25:47:25:47:25:Infinity:26:10:26:Infinity":4,"b:26:52:26:89:26:89:26:105":5,"s:32:2:141:Infinity":5,"b:36:26:36:83:36:83:36:Infinity":6,"b:38:25:38:102:38:102:38:Infinity":7,"b:40:8:40:45:40:45:40:Infinity:41:8:49:Infinity":8,"b:42:47:42:57:42:57:42:Infinity":9,"b:44:54:44:76:44:76:44:Infinity":10,"b:45:45:45:53:45:53:45:Infinity":11,"f:46:20:46:21":1,"s:46:31:46:Infinity":6,"b:47:20:47:32:47:32:47:Infinity":12,"b:52:7:52:Infinity:53:8:62:Infinity":13,"b:58:45:58:53:58:53:58:Infinity":14,"f:59:20:59:21":2,"s:59:29:59:Infinity":7,"b:60:20:60:32:60:32:60:Infinity":15,"b:65:7:65:Infinity:66:8:76:Infinity":16,"b:69:56:69:76:69:76:69:Infinity":17,"b:70:56:70:76:70:76:70:Infinity":18,"b:71:74:71:82:71:82:71:Infinity":19,"b:71:17:71:46:71:46:71:74":20,"f:72:20:72:21":3,"s:72:31:72:Infinity":8,"b:79:7:79:Infinity:80:8:88:Infinity":21,"b:83:45:83:53:83:53:83:Infinity":22,"f:84:20:84:21":4,"s:84:31:84:Infinity":9,"b:91:7:91:Infinity:92:8:105:Infinity":23,"b:94:45:94:53:94:53:94:Infinity":24,"f:95:20:95:21":5,"s:95:31:95:Infinity":10,"b:96:20:96:32:96:32:96:Infinity":25,"f:100:23:100:24":6,"s:101:12:103:Infinity":11,"b:108:7:108:Infinity:109:8:137:Infinity":26,"f:110:23:110:24":7,"s:111:35:111:Infinity":12,"b:111:58:111:66:111:66:111:Infinity":27,"s:112:28:112:Infinity":13,"s:114:12:134:Infinity":14,"b:119:28:119:40:119:40:119:Infinity":28,"f:121:28:121:29":8,"b:122:20:124:Infinity:undefined:undefined:undefined:undefined":29,"s:122:20:124:Infinity":15,"s:123:22:123:Infinity":16,"b:126:20:130:Infinity:128:27:130:Infinity":30,"s:126:20:130:Infinity":17,"s:127:22:127:Infinity":18,"s:129:22:129:Infinity":19,"f:129:53:129:54":9,"s:129:63:129:78":20,"b:140:15:140:70:140:70:140:Infinity":31}}}
,"/Users/8teen/Documents/mitadt forms/src/components/ErrorBoundary.tsx": {"path":"/Users/8teen/Documents/mitadt forms/src/components/ErrorBoundary.tsx","statementMap":{"0":{"start":{"line":14,"column":26},"end":{"line":17,"column":null}},"1":{"start":{"line":20,"column":8},"end":{"line":20,"column":null}},"2":{"start":{"line":24,"column":8},"end":{"line":24,"column":null}},"3":{"start":{"line":28,"column":8},"end":{"line":43,"column":null}},"4":{"start":{"line":29,"column":12},"end":{"line":41,"column":null}},"5":{"start":{"line":36,"column":39},"end":{"line":36,"column":null}},"6":{"start":{"line":45,"column":8},"end":{"line":45,"column":null}}},"fnMap":{"0":{"name":"(anonymous_0)","decl":{"start":{"line":19,"column":18},"end":{"line":19,"column":43}},"loc":{"start":{"line":19,"column":64},"end":{"line":21,"column":null}},"line":19},"1":{"name":"(anonymous_1)","decl":{"start":{"line":23,"column":11},"end":{"line":23,"column":29}},"loc":{"start":{"line":23,"column":65},"end":{"line":25,"column":null}},"line":23},"2":{"name":"(anonymous_2)","decl":{"start":{"line":27,"column":11},"end":{"line":27,"column":20}},"loc":{"start":{"line":27,"column":20},"end":{"line":46,"column":null}},"line":27},"3":{"name":"(anonymous_3)","decl":{"start":{"line":36,"column":33},"end":{"line":36,"column":39}},"loc":{"start":{"line":36,"column":39},"end":{"line":36,"column":null}},"line":36}},"branchMap":{"0":{"loc":{"start":{"line":28,"column":8},"end":{"line":43,"column":null}},"type":"if","locations":[{"start":{"line":28,"column":8},"end":{"line":43,"column":null}},{"start":{},"end":{}}],"line":28},"1":{"loc":{"start":{"line":29,"column":19},"end":{"line":41,"column":null}},"type":"binary-expr","locations":[{"start":{"line":29,"column":19},"end":{"line":29,"column":null}},{"start":{"line":30,"column":16},"end":{"line":41,"column":null}}],"line":29}},"s":{"0":0,"1":0,"2":0,"3":0,"4":0,"5":0,"6":0},"f":{"0":0,"1":0,"2":0,"3":0},"b":{"0":[0,0],"1":[0,0]},"meta":{"lastBranch":2,"lastFunction":4,"lastStatement":7,"seen":{"s:14:26:17:Infinity":0,"f:19:18:19:43":0,"s:20:8:20:Infinity":1,"f:23:11:23:29":1,"s:24:8:24:Infinity":2,"f:27:11:27:20":2,"b:28:8:43:Infinity:undefined:undefined:undefined:undefined":0,"s:28:8:43:Infinity":3,"s:29:12:41:Infinity":4,"b:29:19:29:Infinity:30:16:41:Infinity":1,"f:36:33:36:39":3,"s:36:39:36:Infinity":5,"s:45:8:45:Infinity":6}}}
,"/Users/8teen/Documents/mitadt forms/src/components/LoadingScreen.tsx": {"path":"/Users/8teen/Documents/mitadt forms/src/components/LoadingScreen.tsx","statementMap":{"0":{"start":{"line":1,"column":22},"end":{"line":11,"column":null}},"1":{"start":{"line":2,"column":2},"end":{"line":9,"column":null}}},"fnMap":{"0":{"name":"(anonymous_0)","decl":{"start":{"line":1,"column":22},"end":{"line":1,"column":23}},"loc":{"start":{"line":1,"column":72},"end":{"line":11,"column":null}},"line":1}},"branchMap":{"0":{"loc":{"start":{"line":1,"column":25},"end":{"line":1,"column":46}},"type":"default-arg","locations":[{"start":{"line":1,"column":33},"end":{"line":1,"column":46}}],"line":1}},"s":{"0":2,"1":3},"f":{"0":3},"b":{"0":[3]},"meta":{"lastBranch":1,"lastFunction":1,"lastStatement":2,"seen":{"s:1:22:11:Infinity":0,"f:1:22:1:23":0,"b:1:33:1:46":0,"s:2:2:9:Infinity":1}}}
,"/Users/8teen/Documents/mitadt forms/src/components/ProtectedRoute.tsx": {"path":"/Users/8teen/Documents/mitadt forms/src/components/ProtectedRoute.tsx","statementMap":{"0":{"start":{"line":5,"column":23},"end":{"line":17,"column":null}},"1":{"start":{"line":6,"column":24},"end":{"line":6,"column":null}},"2":{"start":{"line":8,"column":2},"end":{"line":10,"column":null}},"3":{"start":{"line":9,"column":4},"end":{"line":9,"column":null}},"4":{"start":{"line":12,"column":2},"end":{"line":14,"column":null}},"5":{"start":{"line":13,"column":4},"end":{"line":13,"column":null}},"6":{"start":{"line":16,"column":2},"end":{"line":16,"column":null}}},"fnMap":{"0":{"name":"(anonymous_0)","decl":{"start":{"line":5,"column":23},"end":{"line":5,"column":24}},"loc":{"start":{"line":5,"column":68},"end":{"line":17,"column":null}},"line":5}},"branchMap":{"0":{"loc":{"start":{"line":8,"column":2},"end":{"line":10,"column":null}},"type":"if","locations":[{"start":{"line":8,"column":2},"end":{"line":10,"column":null}},{"start":{},"end":{}}],"line":8},"1":{"loc":{"start":{"line":12,"column":2},"end":{"line":14,"column":null}},"type":"if","locations":[{"start":{"line":12,"column":2},"end":{"line":14,"column":null}},{"start":{},"end":{}}],"line":12}},"s":{"0":1,"1":4,"2":4,"3":2,"4":2,"5":1,"6":1},"f":{"0":4},"b":{"0":[2,2],"1":[1,1]},"meta":{"lastBranch":2,"lastFunction":1,"lastStatement":7,"seen":{"s:5:23:17:Infinity":0,"f:5:23:5:24":0,"s:6:24:6:Infinity":1,"b:8:2:10:Infinity:undefined:undefined:undefined:undefined":0,"s:8:2:10:Infinity":2,"s:9:4:9:Infinity":3,"b:12:2:14:Infinity:undefined:undefined:undefined:undefined":1,"s:12:2:14:Infinity":4,"s:13:4:13:Infinity":5,"s:16:2:16:Infinity":6}}}
,"/Users/8teen/Documents/mitadt forms/src/components/StatusBadge.tsx": {"path":"/Users/8teen/Documents/mitadt forms/src/components/StatusBadge.tsx","statementMap":{"0":{"start":{"line":3,"column":49},"end":{"line":7,"column":null}},"1":{"start":{"line":9,"column":20},"end":{"line":16,"column":null}},"2":{"start":{"line":10,"column":2},"end":{"line":14,"column":null}}},"fnMap":{"0":{"name":"(anonymous_0)","decl":{"start":{"line":9,"column":20},"end":{"line":9,"column":21}},"loc":{"start":{"line":9,"column":60},"end":{"line":16,"column":null}},"line":9}},"branchMap":{"0":{"loc":{"start":{"line":12,"column":7},"end":{"line":12,"column":null}},"type":"binary-expr","locations":[{"start":{"line":12,"column":7},"end":{"line":12,"column":28}},{"start":{"line":12,"column":28},"end":{"line":12,"column":null}}],"line":12}},"s":{"0":2,"1":2,"2":25},"f":{"0":25},"b":{"0":[25,5]},"meta":{"lastBranch":1,"lastFunction":1,"lastStatement":3,"seen":{"s:3:49:7:Infinity":0,"s:9:20:16:Infinity":1,"f:9:20:9:21":0,"s:10:2:14:Infinity":2,"b:12:7:12:28:12:28:12:Infinity":0}}}
,"/Users/8teen/Documents/mitadt forms/src/components/ui/textarea.tsx": {"path":"/Users/8teen/Documents/mitadt forms/src/components/ui/textarea.tsx","statementMap":{"0":{"start":{"line":7,"column":17},"end":{"line":20,"column":null}},"1":{"start":{"line":9,"column":8},"end":{"line":17,"column":null}},"2":{"start":{"line":21,"column":0},"end":{"line":21,"column":null}}},"fnMap":{"0":{"name":"(anonymous_0)","decl":{"start":{"line":8,"column":4},"end":{"line":8,"column":5}},"loc":{"start":{"line":8,"column":38},"end":{"line":19,"column":null}},"line":8}},"branchMap":{},"s":{"0":4,"1":5,"2":4},"f":{"0":5},"b":{},"meta":{"lastBranch":0,"lastFunction":1,"lastStatement":3,"seen":{"s:7:17:20:Infinity":0,"f:8:4:8:5":0,"s:9:8:17:Infinity":1,"s:21:0:21:Infinity":2}}}
,"/Users/8teen/Documents/mitadt forms/src/context/AuthContext.tsx": {"path":"/Users/8teen/Documents/mitadt forms/src/context/AuthContext.tsx","statementMap":{"0":{"start":{"line":22,"column":6},"end":{"line":22,"column":null}},"1":{"start":{"line":24,"column":28},"end":{"line":126,"column":null}},"2":{"start":{"line":25,"column":28},"end":{"line":25,"column":null}},"3":{"start":{"line":26,"column":28},"end":{"line":26,"column":null}},"4":{"start":{"line":27,"column":28},"end":{"line":27,"column":null}},"5":{"start":{"line":28,"column":8},"end":{"line":28,"column":null}},"6":{"start":{"line":29,"column":8},"end":{"line":29,"column":null}},"7":{"start":{"line":31,"column":8},"end":{"line":49,"column":null}},"8":{"start":{"line":32,"column":22},"end":{"line":32,"column":null}},"9":{"start":{"line":33,"column":28},"end":{"line":37,"column":null}},"10":{"start":{"line":39,"column":4},"end":{"line":41,"column":null}},"11":{"start":{"line":40,"column":6},"end":{"line":40,"column":null}},"12":{"start":{"line":43,"column":4},"end":{"line":46,"column":null}},"13":{"start":{"line":44,"column":6},"end":{"line":44,"column":null}},"14":{"start":{"line":45,"column":6},"end":{"line":45,"column":null}},"15":{"start":{"line":48,"column":4},"end":{"line":48,"column":null}},"16":{"start":{"line":51,"column":2},"end":{"line":55,"column":null}},"17":{"start":{"line":52,"column":4},"end":{"line":54,"column":null}},"18":{"start":{"line":53,"column":6},"end":{"line":53,"column":null}},"19":{"start":{"line":57,"column":2},"end":{"line":105,"column":null}},"20":{"start":{"line":58,"column":18},"end":{"line":58,"column":null}},"21":{"start":{"line":60,"column":23},"end":{"line":80,"column":null}},"22":{"start":{"line":61,"column":6},"end":{"line":79,"column":null}},"23":{"start":{"line":62,"column":25},"end":{"line":62,"column":null}},"24":{"start":{"line":63,"column":8},"end":{"line":65,"column":null}},"25":{"start":{"line":64,"column":10},"end":{"line":64,"column":null}},"26":{"start":{"line":67,"column":31},"end":{"line":67,"column":null}},"27":{"start":{"line":68,"column":8},"end":{"line":68,"column":null}},"28":{"start":{"line":70,"column":8},"end":{"line":74,"column":null}},"29":{"start":{"line":71,"column":10},"end":{"line":71,"column":null}},"30":{"start":{"line":73,"column":10},"end":{"line":73,"column":null}},"31":{"start":{"line":76,"column":8},"end":{"line":78,"column":null}},"32":{"start":{"line":77,"column":10},"end":{"line":77,"column":null}},"33":{"start":{"line":82,"column":4},"end":{"line":82,"column":null}},"34":{"start":{"line":86,"column":8},"end":{"line":99,"column":null}},"35":{"start":{"line":87,"column":6},"end":{"line":89,"column":null}},"36":{"start":{"line":88,"column":8},"end":{"line":88,"column":null}},"37":{"start":{"line":91,"column":6},"end":{"line":91,"column":null}},"38":{"start":{"line":92,"column":6},"end":{"line":96,"column":null}},"39":{"start":{"line":93,"column":8},"end":{"line":93,"column":null}},"40":{"start":{"line":95,"column":8},"end":{"line":95,"column":null}},"41":{"start":{"line":98,"column":6},"end":{"line":98,"column":null}},"42":{"start":{"line":101,"column":4},"end":{"line":104,"column":null}},"43":{"start":{"line":102,"column":6},"end":{"line":102,"column":null}},"44":{"start":{"line":103,"column":6},"end":{"line":103,"column":null}},"45":{"start":{"line":107,"column":8},"end":{"line":123,"column":null}},"46":{"start":{"line":108,"column":11},"end":{"line":121,"column":null}},"47":{"start":{"line":114,"column":8},"end":{"line":114,"column":null}},"48":{"start":{"line":117,"column":8},"end":{"line":119,"column":null}},"49":{"start":{"line":118,"column":10},"end":{"line":118,"column":null}},"50":{"start":{"line":125,"column":2},"end":{"line":125,"column":null}},"51":{"start":{"line":128,"column":23},"end":{"line":134,"column":null}},"52":{"start":{"line":129,"column":8},"end":{"line":129,"column":null}},"53":{"start":{"line":130,"column":2},"end":{"line":132,"column":null}},"54":{"start":{"line":131,"column":4},"end":{"line":131,"column":null}},"55":{"start":{"line":133,"column":2},"end":{"line":133,"column":null}}},"fnMap":{"0":{"name":"(anonymous_0)","decl":{"start":{"line":24,"column":28},"end":{"line":24,"column":29}},"loc":{"start":{"line":24,"column":71},"end":{"line":126,"column":null}},"line":24},"1":{"name":"(anonymous_1)","decl":{"start":{"line":31,"column":35},"end":{"line":31,"column":42}},"loc":{"start":{"line":31,"column":61},"end":{"line":49,"column":5}},"line":31},"2":{"name":"(anonymous_2)","decl":{"start":{"line":51,"column":12},"end":{"line":51,"column":18}},"loc":{"start":{"line":51,"column":18},"end":{"line":55,"column":5}},"line":51},"3":{"name":"(anonymous_3)","decl":{"start":{"line":52,"column":11},"end":{"line":52,"column":17}},"loc":{"start":{"line":52,"column":17},"end":{"line":54,"column":null}},"line":52},"4":{"name":"(anonymous_4)","decl":{"start":{"line":57,"column":12},"end":{"line":57,"column":18}},"loc":{"start":{"line":57,"column":18},"end":{"line":105,"column":5}},"line":57},"5":{"name":"(anonymous_5)","decl":{"start":{"line":60,"column":23},"end":{"line":60,"column":35}},"loc":{"start":{"line":60,"column":35},"end":{"line":80,"column":null}},"line":60},"6":{"name":"(anonymous_6)","decl":{"start":{"line":86,"column":40},"end":{"line":86,"column":41}},"loc":{"start":{"line":86,"column":68},"end":{"line":99,"column":5}},"line":86},"7":{"name":"(anonymous_7)","decl":{"start":{"line":101,"column":11},"end":{"line":101,"column":17}},"loc":{"start":{"line":101,"column":17},"end":{"line":104,"column":null}},"line":101},"8":{"name":"(anonymous_8)","decl":{"start":{"line":108,"column":4},"end":{"line":108,"column":11}},"loc":{"start":{"line":108,"column":11},"end":{"line":121,"column":null}},"line":108},"9":{"name":"(anonymous_9)","decl":{"start":{"line":113,"column":15},"end":{"line":113,"column":27}},"loc":{"start":{"line":113,"column":27},"end":{"line":115,"column":null}},"line":113},"10":{"name":"(anonymous_10)","decl":{"start":{"line":116,"column":22},"end":{"line":116,"column":34}},"loc":{"start":{"line":116,"column":34},"end":{"line":120,"column":null}},"line":116},"11":{"name":"(anonymous_11)","decl":{"start":{"line":128,"column":23},"end":{"line":128,"column":29}},"loc":{"start":{"line":128,"column":29},"end":{"line":134,"column":null}},"line":128}},"branchMap":{"0":{"loc":{"start":{"line":39,"column":4},"end":{"line":41,"column":null}},"type":"if","locations":[{"start":{"line":39,"column":4},"end":{"line":41,"column":null}},{"start":{},"end":{}}],"line":39},"1":{"loc":{"start":{"line":39,"column":8},"end":{"line":39,"column":72}},"type":"binary-expr","locations":[{"start":{"line":39,"column":8},"end":{"line":39,"column":31}},{"start":{"line":39,"column":31},"end":{"line":39,"column":72}}],"line":39},"2":{"loc":{"start":{"line":43,"column":4},"end":{"line":46,"column":null}},"type":"if","locations":[{"start":{"line":43,"column":4},"end":{"line":46,"column":null}},{"start":{},"end":{}}],"line":43},"3":{"loc":{"start":{"line":63,"column":8},"end":{"line":65,"column":null}},"type":"if","locations":[{"start":{"line":63,"column":8},"end":{"line":65,"column":null}},{"start":{},"end":{}}],"line":63},"4":{"loc":{"start":{"line":67,"column":31},"end":{"line":67,"column":null}},"type":"binary-expr","locations":[{"start":{"line":67,"column":31},"end":{"line":67,"column":47}},{"start":{"line":67,"column":47},"end":{"line":67,"column":null}}],"line":67},"5":{"loc":{"start":{"line":70,"column":8},"end":{"line":74,"column":null}},"type":"if","locations":[{"start":{"line":70,"column":8},"end":{"line":74,"column":null}},{"start":{"line":72,"column":15},"end":{"line":74,"column":null}}],"line":70},"6":{"loc":{"start":{"line":76,"column":8},"end":{"line":78,"column":null}},"type":"if","locations":[{"start":{"line":76,"column":8},"end":{"line":78,"column":null}},{"start":{},"end":{}}],"line":76},"7":{"loc":{"start":{"line":87,"column":6},"end":{"line":89,"column":null}},"type":"if","locations":[{"start":{"line":87,"column":6},"end":{"line":89,"column":null}},{"start":{},"end":{}}],"line":87},"8":{"loc":{"start":{"line":92,"column":6},"end":{"line":96,"column":null}},"type":"if","locations":[{"start":{"line":92,"column":6},"end":{"line":96,"column":null}},{"start":{"line":94,"column":13},"end":{"line":96,"column":null}}],"line":92},"9":{"loc":{"start":{"line":110,"column":12},"end":{"line":110,"column":null}},"type":"binary-expr","locations":[{"start":{"line":110,"column":12},"end":{"line":110,"column":29}},{"start":{"line":110,"column":29},"end":{"line":110,"column":null}}],"line":110},"10":{"loc":{"start":{"line":117,"column":8},"end":{"line":119,"column":null}},"type":"if","locations":[{"start":{"line":117,"column":8},"end":{"line":119,"column":null}},{"start":{},"end":{}}],"line":117},"11":{"loc":{"start":{"line":130,"column":2},"end":{"line":132,"column":null}},"type":"if","locations":[{"start":{"line":130,"column":2},"end":{"line":132,"column":null}},{"start":{},"end":{}}],"line":130}},"s":{"0":10,"1":10,"2":62,"3":62,"4":62,"5":62,"6":62,"7":62,"8":5,"9":5,"10":5,"11":0,"12":5,"13":0,"14":0,"15":5,"16":62,"17":31,"18":31,"19":62,"20":31,"21":31,"22":31,"23":31,"24":31,"25":0,"26":31,"27":31,"28":31,"29":4,"30":27,"31":31,"32":31,"33":31,"34":31,"35":1,"36":0,"37":1,"38":1,"39":1,"40":0,"41":1,"42":31,"43":31,"44":31,"45":62,"46":61,"47":1,"48":0,"49":0,"50":62,"51":10,"52":68,"53":68,"54":0,"55":68},"f":{"0":62,"1":5,"2":31,"3":31,"4":31,"5":31,"6":1,"7":31,"8":61,"9":1,"10":0,"11":68},"b":{"0":[0,5],"1":[5,5],"2":[0,5],"3":[0,31],"4":[31,27],"5":[4,27],"6":[31,0],"7":[0,1],"8":[1,0],"9":[61,57],"10":[0,0],"11":[0,68]},"meta":{"lastBranch":12,"lastFunction":12,"lastStatement":56,"seen":{"s:22:6:22:Infinity":0,"s:24:28:126:Infinity":1,"f:24:28:24:29":0,"s:25:28:25:Infinity":2,"s:26:28:26:Infinity":3,"s:27:28:27:Infinity":4,"s:28:8:28:Infinity":5,"s:29:8:29:Infinity":6,"s:31:8:49:Infinity":7,"f:31:35:31:42":1,"s:32:22:32:Infinity":8,"s:33:28:37:Infinity":9,"b:39:4:41:Infinity:undefined:undefined:undefined:undefined":0,"s:39:4:41:Infinity":10,"b:39:8:39:31:39:31:39:72":1,"s:40:6:40:Infinity":11,"b:43:4:46:Infinity:undefined:undefined:undefined:undefined":2,"s:43:4:46:Infinity":12,"s:44:6:44:Infinity":13,"s:45:6:45:Infinity":14,"s:48:4:48:Infinity":15,"s:51:2:55:Infinity":16,"f:51:12:51:18":2,"s:52:4:54:Infinity":17,"f:52:11:52:17":3,"s:53:6:53:Infinity":18,"s:57:2:105:Infinity":19,"f:57:12:57:18":4,"s:58:18:58:Infinity":20,"s:60:23:80:Infinity":21,"f:60:23:60:35":5,"s:61:6:79:Infinity":22,"s:62:25:62:Infinity":23,"b:63:8:65:Infinity:undefined:undefined:undefined:undefined":3,"s:63:8:65:Infinity":24,"s:64:10:64:Infinity":25,"s:67:31:67:Infinity":26,"b:67:31:67:47:67:47:67:Infinity":4,"s:68:8:68:Infinity":27,"b:70:8:74:Infinity:72:15:74:Infinity":5,"s:70:8:74:Infinity":28,"s:71:10:71:Infinity":29,"s:73:10:73:Infinity":30,"b:76:8:78:Infinity:undefined:undefined:undefined:undefined":6,"s:76:8:78:Infinity":31,"s:77:10:77:Infinity":32,"s:82:4:82:Infinity":33,"s:86:8:99:Infinity":34,"f:86:40:86:41":6,"b:87:6:89:Infinity:undefined:undefined:undefined:undefined":7,"s:87:6:89:Infinity":35,"s:88:8:88:Infinity":36,"s:91:6:91:Infinity":37,"b:92:6:96:Infinity:94:13:96:Infinity":8,"s:92:6:96:Infinity":38,"s:93:8:93:Infinity":39,"s:95:8:95:Infinity":40,"s:98:6:98:Infinity":41,"s:101:4:104:Infinity":42,"f:101:11:101:17":7,"s:102:6:102:Infinity":43,"s:103:6:103:Infinity":44,"s:107:8:123:Infinity":45,"f:108:4:108:11":8,"s:108:11:121:Infinity":46,"b:110:12:110:29:110:29:110:Infinity":9,"f:113:15:113:27":9,"s:114:8:114:Infinity":47,"f:116:22:116:34":10,"b:117:8:119:Infinity:undefined:undefined:undefined:undefined":10,"s:117:8:119:Infinity":48,"s:118:10:118:Infinity":49,"s:125:2:125:Infinity":50,"s:128:23:134:Infinity":51,"f:128:23:128:29":11,"s:129:8:129:Infinity":52,"b:130:2:132:Infinity:undefined:undefined:undefined:undefined":11,"s:130:2:132:Infinity":53,"s:131:4:131:Infinity":54,"s:133:2:133:Infinity":55}}}
,"/Users/8teen/Documents/mitadt forms/src/hooks/use-auto-resize-textarea.ts": {"path":"/Users/8teen/Documents/mitadt forms/src/hooks/use-auto-resize-textarea.ts","statementMap":{"0":{"start":{"line":12,"column":10},"end":{"line":12,"column":null}},"1":{"start":{"line":14,"column":10},"end":{"line":35,"column":null}},"2":{"start":{"line":16,"column":29},"end":{"line":16,"column":null}},"3":{"start":{"line":17,"column":12},"end":{"line":17,"column":null}},"4":{"start":{"line":17,"column":27},"end":{"line":17,"column":null}},"5":{"start":{"line":19,"column":12},"end":{"line":22,"column":null}},"6":{"start":{"line":20,"column":16},"end":{"line":20,"column":null}},"7":{"start":{"line":21,"column":16},"end":{"line":21,"column":null}},"8":{"start":{"line":25,"column":12},"end":{"line":25,"column":null}},"9":{"start":{"line":27,"column":30},"end":{"line":30,"column":null}},"10":{"start":{"line":32,"column":12},"end":{"line":32,"column":null}},"11":{"start":{"line":37,"column":4},"end":{"line":39,"column":null}},"12":{"start":{"line":38,"column":8},"end":{"line":38,"column":null}},"13":{"start":{"line":41,"column":4},"end":{"line":41,"column":null}}},"fnMap":{"0":{"name":"useAutoResizeTextarea","decl":{"start":{"line":8,"column":16},"end":{"line":8,"column":38}},"loc":{"start":{"line":11,"column":31},"end":{"line":42,"column":null}},"line":11},"1":{"name":"(anonymous_1)","decl":{"start":{"line":15,"column":8},"end":{"line":15,"column":9}},"loc":{"start":{"line":15,"column":36},"end":{"line":33,"column":null}},"line":15},"2":{"name":"(anonymous_2)","decl":{"start":{"line":37,"column":14},"end":{"line":37,"column":20}},"loc":{"start":{"line":37,"column":20},"end":{"line":39,"column":7}},"line":37}},"branchMap":{"0":{"loc":{"start":{"line":15,"column":9},"end":{"line":15,"column":36}},"type":"default-arg","locations":[{"start":{"line":15,"column":26},"end":{"line":15,"column":36}}],"line":15},"1":{"loc":{"start":{"line":17,"column":12},"end":{"line":17,"column":null}},"type":"if","locations":[{"start":{"line":17,"column":12},"end":{"line":17,"column":null}},{"start":{},"end":{}}],"line":17},"2":{"loc":{"start":{"line":19,"column":12},"end":{"line":22,"column":null}},"type":"if","locations":[{"start":{"line":19,"column":12},"end":{"line":22,"column":null}},{"start":{},"end":{}}],"line":19},"3":{"loc":{"start":{"line":29,"column":48},"end":{"line":29,"column":69}},"type":"binary-expr","locations":[{"start":{"line":29,"column":48},"end":{"line":29,"column":61}},{"start":{"line":29,"column":61},"end":{"line":29,"column":69}}],"line":29}},"s":{"0":0,"1":0,"2":0,"3":0,"4":0,"5":0,"6":0,"7":0,"8":0,"9":0,"10":0,"11":0,"12":0,"13":0},"f":{"0":0,"1":0,"2":0},"b":{"0":[0],"1":[0,0],"2":[0,0],"3":[0,0]},"meta":{"lastBranch":4,"lastFunction":3,"lastStatement":14,"seen":{"f:8:16:8:38":0,"s:12:10:12:Infinity":0,"s:14:10:35:Infinity":1,"f:15:8:15:9":1,"b:15:26:15:36":0,"s:16:29:16:Infinity":2,"b:17:12:17:Infinity:undefined:undefined:undefined:undefined":1,"s:17:12:17:Infinity":3,"s:17:27:17:Infinity":4,"b:19:12:22:Infinity:undefined:undefined:undefined:undefined":2,"s:19:12:22:Infinity":5,"s:20:16:20:Infinity":6,"s:21:16:21:Infinity":7,"s:25:12:25:Infinity":8,"s:27:30:30:Infinity":9,"b:29:48:29:61:29:61:29:69":3,"s:32:12:32:Infinity":10,"s:37:4:39:Infinity":11,"f:37:14:37:20":2,"s:38:8:38:Infinity":12,"s:41:4:41:Infinity":13}}}
,"/Users/8teen/Documents/mitadt forms/src/lib/csv.ts": {"path":"/Users/8teen/Documents/mitadt forms/src/lib/csv.ts","statementMap":{"0":{"start":{"line":3,"column":18},"end":{"line":6,"column":null}},"1":{"start":{"line":4,"column":21},"end":{"line":4,"column":null}},"2":{"start":{"line":5,"column":2},"end":{"line":5,"column":null}},"3":{"start":{"line":8,"column":15},"end":{"line":18,"column":null}},"4":{"start":{"line":9,"column":2},"end":{"line":11,"column":null}},"5":{"start":{"line":10,"column":4},"end":{"line":10,"column":null}},"6":{"start":{"line":13,"column":2},"end":{"line":15,"column":null}},"7":{"start":{"line":14,"column":4},"end":{"line":14,"column":null}},"8":{"start":{"line":17,"column":2},"end":{"line":17,"column":null}},"9":{"start":{"line":20,"column":25},"end":{"line":25,"column":null}},"10":{"start":{"line":21,"column":2},"end":{"line":25,"column":null}},"11":{"start":{"line":27,"column":36},"end":{"line":60,"column":null}},"12":{"start":{"line":32,"column":23},"end":{"line":32,"column":null}},"13":{"start":{"line":32,"column":55},"end":{"line":32,"column":91}},"14":{"start":{"line":33,"column":18},"end":{"line":33,"column":null}},"15":{"start":{"line":33,"column":66},"end":{"line":33,"column":77}},"16":{"start":{"line":35,"column":16},"end":{"line":35,"column":null}},"17":{"start":{"line":37,"column":2},"end":{"line":46,"column":null}},"18":{"start":{"line":38,"column":16},"end":{"line":38,"column":null}},"19":{"start":{"line":40,"column":4},"end":{"line":43,"column":null}},"20":{"start":{"line":41,"column":21},"end":{"line":41,"column":null}},"21":{"start":{"line":42,"column":6},"end":{"line":42,"column":null}},"22":{"start":{"line":45,"column":4},"end":{"line":45,"column":null}},"23":{"start":{"line":48,"column":14},"end":{"line":48,"column":null}},"24":{"start":{"line":49,"column":15},"end":{"line":49,"column":null}},"25":{"start":{"line":50,"column":14},"end":{"line":50,"column":null}},"26":{"start":{"line":52,"column":17},"end":{"line":52,"column":null}},"27":{"start":{"line":53,"column":2},"end":{"line":53,"column":null}},"28":{"start":{"line":54,"column":2},"end":{"line":54,"column":null}},"29":{"start":{"line":55,"column":2},"end":{"line":55,"column":null}},"30":{"start":{"line":56,"column":2},"end":{"line":56,"column":null}},"31":{"start":{"line":57,"column":2},"end":{"line":57,"column":null}},"32":{"start":{"line":59,"column":2},"end":{"line":59,"column":null}}},"fnMap":{"0":{"name":"(anonymous_0)","decl":{"start":{"line":3,"column":18},"end":{"line":3,"column":19}},"loc":{"start":{"line":3,"column":37},"end":{"line":6,"column":null}},"line":3},"1":{"name":"(anonymous_1)","decl":{"start":{"line":8,"column":15},"end":{"line":8,"column":16}},"loc":{"start":{"line":8,"column":43},"end":{"line":18,"column":null}},"line":8},"2":{"name":"(anonymous_2)","decl":{"start":{"line":20,"column":25},"end":{"line":20,"column":26}},"loc":{"start":{"line":21,"column":2},"end":{"line":25,"column":null}},"line":21},"3":{"name":"(anonymous_3)","decl":{"start":{"line":27,"column":36},"end":{"line":27,"column":37}},"loc":{"start":{"line":31,"column":6},"end":{"line":60,"column":null}},"line":31},"4":{"name":"(anonymous_4)","decl":{"start":{"line":32,"column":44},"end":{"line":32,"column":45}},"loc":{"start":{"line":32,"column":55},"end":{"line":32,"column":91}},"line":32},"5":{"name":"(anonymous_5)","decl":{"start":{"line":33,"column":55},"end":{"line":33,"column":56}},"loc":{"start":{"line":33,"column":66},"end":{"line":33,"column":77}},"line":33}},"branchMap":{"0":{"loc":{"start":{"line":9,"column":2},"end":{"line":11,"column":null}},"type":"if","locations":[{"start":{"line":9,"column":2},"end":{"line":11,"column":null}},{"start":{},"end":{}}],"line":9},"1":{"loc":{"start":{"line":13,"column":2},"end":{"line":15,"column":null}},"type":"if","locations":[{"start":{"line":13,"column":2},"end":{"line":15,"column":null}},{"start":{},"end":{}}],"line":13},"2":{"loc":{"start":{"line":13,"column":6},"end":{"line":13,"column":45}},"type":"binary-expr","locations":[{"start":{"line":13,"column":6},"end":{"line":13,"column":24}},{"start":{"line":13,"column":24},"end":{"line":13,"column":45}}],"line":13},"3":{"loc":{"start":{"line":21,"column":2},"end":{"line":25,"column":null}},"type":"binary-expr","locations":[{"start":{"line":21,"column":2},"end":{"line":25,"column":32}},{"start":{"line":25,"column":32},"end":{"line":25,"column":null}}],"line":21},"4":{"loc":{"start":{"line":41,"column":21},"end":{"line":41,"column":null}},"type":"cond-expr","locations":[{"start":{"line":41,"column":40},"end":{"line":41,"column":69}},{"start":{"line":41,"column":69},"end":{"line":41,"column":null}}],"line":41}},"s":{"0":3,"1":4,"2":4,"3":3,"4":2,"5":0,"6":2,"7":0,"8":2,"9":3,"10":1,"11":3,"12":1,"13":2,"14":1,"15":1,"16":1,"17":1,"18":1,"19":1,"20":1,"21":1,"22":1,"23":1,"24":1,"25":1,"26":1,"27":1,"28":1,"29":1,"30":1,"31":1,"32":1},"f":{"0":4,"1":2,"2":1,"3":1,"4":2,"5":1},"b":{"0":[0,2],"1":[0,2],"2":[2,2],"3":[1,0],"4":[1,0]},"meta":{"lastBranch":5,"lastFunction":6,"lastStatement":33,"seen":{"s:3:18:6:Infinity":0,"f:3:18:3:19":0,"s:4:21:4:Infinity":1,"s:5:2:5:Infinity":2,"s:8:15:18:Infinity":3,"f:8:15:8:16":1,"b:9:2:11:Infinity:undefined:undefined:undefined:undefined":0,"s:9:2:11:Infinity":4,"s:10:4:10:Infinity":5,"b:13:2:15:Infinity:undefined:undefined:undefined:undefined":1,"s:13:2:15:Infinity":6,"b:13:6:13:24:13:24:13:45":2,"s:14:4:14:Infinity":7,"s:17:2:17:Infinity":8,"s:20:25:25:Infinity":9,"f:20:25:20:26":2,"s:21:2:25:Infinity":10,"b:21:2:25:32:25:32:25:Infinity":3,"s:27:36:60:Infinity":11,"f:27:36:27:37":3,"s:32:23:32:Infinity":12,"f:32:44:32:45":4,"s:32:55:32:91":13,"s:33:18:33:Infinity":14,"f:33:55:33:56":5,"s:33:66:33:77":15,"s:35:16:35:Infinity":16,"s:37:2:46:Infinity":17,"s:38:16:38:Infinity":18,"s:40:4:43:Infinity":19,"s:41:21:41:Infinity":20,"b:41:40:41:69:41:69:41:Infinity":4,"s:42:6:42:Infinity":21,"s:45:4:45:Infinity":22,"s:48:14:48:Infinity":23,"s:49:15:49:Infinity":24,"s:50:14:50:Infinity":25,"s:52:17:52:Infinity":26,"s:53:2:53:Infinity":27,"s:54:2:54:Infinity":28,"s:55:2:55:Infinity":29,"s:56:2:56:Infinity":30,"s:57:2:57:Infinity":31,"s:59:2:59:Infinity":32}}}
,"/Users/8teen/Documents/mitadt forms/src/lib/formApi.ts": {"path":"/Users/8teen/Documents/mitadt forms/src/lib/formApi.ts","statementMap":{"0":{"start":{"line":9,"column":22},"end":{"line":20,"column":null}},"1":{"start":{"line":9,"column":49},"end":{"line":20,"column":null}},"2":{"start":{"line":22,"column":23},"end":{"line":32,"column":null}},"3":{"start":{"line":22,"column":55},"end":{"line":32,"column":null}},"4":{"start":{"line":34,"column":26},"end":{"line":40,"column":null}},"5":{"start":{"line":34,"column":61},"end":{"line":40,"column":null}},"6":{"start":{"line":42,"column":21},"end":{"line":42,"column":null}},"7":{"start":{"line":42,"column":27},"end":{"line":42,"column":null}},"8":{"start":{"line":44,"column":32},"end":{"line":76,"column":null}},"9":{"start":{"line":45,"column":49},"end":{"line":62,"column":null}},"10":{"start":{"line":64,"column":2},"end":{"line":66,"column":null}},"11":{"start":{"line":65,"column":4},"end":{"line":65,"column":null}},"12":{"start":{"line":68,"column":2},"end":{"line":75,"column":null}},"13":{"start":{"line":69,"column":21},"end":{"line":69,"column":null}},"14":{"start":{"line":70,"column":18},"end":{"line":70,"column":null}},"15":{"start":{"line":71,"column":4},"end":{"line":74,"column":null}},"16":{"start":{"line":78,"column":29},"end":{"line":133,"column":null}},"17":{"start":{"line":79,"column":47},"end":{"line":79,"column":null}},"18":{"start":{"line":80,"column":2},"end":{"line":82,"column":null}},"19":{"start":{"line":81,"column":4},"end":{"line":81,"column":null}},"20":{"start":{"line":84,"column":49},"end":{"line":88,"column":null}},"21":{"start":{"line":90,"column":2},"end":{"line":92,"column":null}},"22":{"start":{"line":91,"column":4},"end":{"line":91,"column":null}},"23":{"start":{"line":94,"column":8},"end":{"line":94,"column":null}},"24":{"start":{"line":95,"column":25},"end":{"line":95,"column":null}},"25":{"start":{"line":97,"column":57},"end":{"line":109,"column":null}},"26":{"start":{"line":111,"column":2},"end":{"line":113,"column":null}},"27":{"start":{"line":112,"column":4},"end":{"line":112,"column":null}},"28":{"start":{"line":115,"column":8},"end":{"line":123,"column":null}},"29":{"start":{"line":115,"column":59},"end":{"line":123,"column":4}},"30":{"start":{"line":125,"column":2},"end":{"line":130,"column":null}},"31":{"start":{"line":126,"column":41},"end":{"line":126,"column":null}},"32":{"start":{"line":127,"column":4},"end":{"line":129,"column":null}},"33":{"start":{"line":128,"column":6},"end":{"line":128,"column":null}},"34":{"start":{"line":132,"column":2},"end":{"line":132,"column":null}},"35":{"start":{"line":135,"column":26},"end":{"line":140,"column":null}},"36":{"start":{"line":136,"column":20},"end":{"line":136,"column":null}},"37":{"start":{"line":137,"column":2},"end":{"line":139,"column":null}},"38":{"start":{"line":138,"column":4},"end":{"line":138,"column":null}},"39":{"start":{"line":142,"column":29},"end":{"line":160,"column":null}},"40":{"start":{"line":143,"column":2},"end":{"line":159,"column":null}},"41":{"start":{"line":146,"column":25},"end":{"line":146,"column":null}},"42":{"start":{"line":147,"column":20},"end":{"line":147,"column":null}},"43":{"start":{"line":149,"column":4},"end":{"line":158,"column":null}},"44":{"start":{"line":162,"column":34},"end":{"line":250,"column":null}},"45":{"start":{"line":163,"column":22},"end":{"line":170,"column":null}},"46":{"start":{"line":172,"column":2},"end":{"line":198,"column":null}},"47":{"start":{"line":173,"column":54},"end":{"line":178,"column":null}},"48":{"start":{"line":180,"column":4},"end":{"line":182,"column":null}},"49":{"start":{"line":181,"column":6},"end":{"line":181,"column":null}},"50":{"start":{"line":184,"column":35},"end":{"line":184,"column":null}},"51":{"start":{"line":185,"column":4},"end":{"line":187,"column":null}},"52":{"start":{"line":186,"column":6},"end":{"line":186,"column":null}},"53":{"start":{"line":189,"column":26},"end":{"line":189,"column":null}},"54":{"start":{"line":190,"column":4},"end":{"line":195,"column":null}},"55":{"start":{"line":191,"column":37},"end":{"line":191,"column":null}},"56":{"start":{"line":192,"column":6},"end":{"line":194,"column":null}},"57":{"start":{"line":193,"column":8},"end":{"line":193,"column":null}},"58":{"start":{"line":197,"column":4},"end":{"line":197,"column":null}},"59":{"start":{"line":202,"column":6},"end":{"line":202,"column":null}},"60":{"start":{"line":204,"column":2},"end":{"line":206,"column":null}},"61":{"start":{"line":205,"column":4},"end":{"line":205,"column":null}},"62":{"start":{"line":208,"column":26},"end":{"line":208,"column":null}},"63":{"start":{"line":209,"column":29},"end":{"line":209,"column":null}},"64":{"start":{"line":211,"column":2},"end":{"line":235,"column":null}},"65":{"start":{"line":211,"column":21},"end":{"line":211,"column":24}},"66":{"start":{"line":212,"column":17},"end":{"line":212,"column":null}},"67":{"start":{"line":213,"column":41},"end":{"line":221,"column":null}},"68":{"start":{"line":223,"column":4},"end":{"line":226,"column":null}},"69":{"start":{"line":224,"column":6},"end":{"line":224,"column":null}},"70":{"start":{"line":225,"column":6},"end":{"line":225,"column":null}},"71":{"start":{"line":228,"column":27},"end":{"line":228,"column":null}},"72":{"start":{"line":229,"column":4},"end":{"line":232,"column":null}},"73":{"start":{"line":230,"column":6},"end":{"line":230,"column":null}},"74":{"start":{"line":231,"column":6},"end":{"line":231,"column":null}},"75":{"start":{"line":234,"column":4},"end":{"line":234,"column":null}},"76":{"start":{"line":237,"column":2},"end":{"line":239,"column":null}},"77":{"start":{"line":238,"column":4},"end":{"line":238,"column":null}},"78":{"start":{"line":241,"column":24},"end":{"line":241,"column":null}},"79":{"start":{"line":242,"column":2},"end":{"line":247,"column":null}},"80":{"start":{"line":243,"column":41},"end":{"line":243,"column":null}},"81":{"start":{"line":244,"column":4},"end":{"line":246,"column":null}},"82":{"start":{"line":245,"column":6},"end":{"line":245,"column":null}},"83":{"start":{"line":249,"column":2},"end":{"line":249,"column":null}},"84":{"start":{"line":252,"column":34},"end":{"line":270,"column":null}},"85":{"start":{"line":253,"column":89},"end":{"line":256,"column":null}},"86":{"start":{"line":258,"column":2},"end":{"line":260,"column":null}},"87":{"start":{"line":259,"column":4},"end":{"line":259,"column":null}},"88":{"start":{"line":262,"column":2},"end":{"line":264,"column":null}},"89":{"start":{"line":263,"column":4},"end":{"line":263,"column":null}},"90":{"start":{"line":266,"column":2},"end":{"line":269,"column":null}},"91":{"start":{"line":272,"column":35},"end":{"line":321,"column":null}},"92":{"start":{"line":274,"column":32},"end":{"line":274,"column":null}},"93":{"start":{"line":275,"column":17},"end":{"line":275,"column":null}},"94":{"start":{"line":278,"column":47},"end":{"line":282,"column":null}},"95":{"start":{"line":284,"column":2},"end":{"line":289,"column":null}},"96":{"start":{"line":285,"column":4},"end":{"line":287,"column":null}},"97":{"start":{"line":286,"column":6},"end":{"line":286,"column":null}},"98":{"start":{"line":288,"column":4},"end":{"line":288,"column":null}},"99":{"start":{"line":292,"column":18},"end":{"line":292,"column":null}},"100":{"start":{"line":294,"column":2},"end":{"line":304,"column":null}},"101":{"start":{"line":295,"column":4},"end":{"line":297,"column":null}},"102":{"start":{"line":296,"column":6},"end":{"line":296,"column":null}},"103":{"start":{"line":298,"column":4},"end":{"line":300,"column":null}},"104":{"start":{"line":299,"column":6},"end":{"line":299,"column":null}},"105":{"start":{"line":301,"column":4},"end":{"line":303,"column":null}},"106":{"start":{"line":302,"column":6},"end":{"line":302,"column":null}},"107":{"start":{"line":307,"column":49},"end":{"line":311,"column":null}},"108":{"start":{"line":313,"column":2},"end":{"line":315,"column":null}},"109":{"start":{"line":314,"column":4},"end":{"line":314,"column":null}},"110":{"start":{"line":317,"column":2},"end":{"line":320,"column":null}},"111":{"start":{"line":323,"column":36},"end":{"line":337,"column":null}},"112":{"start":{"line":328,"column":20},"end":{"line":332,"column":null}},"113":{"start":{"line":334,"column":2},"end":{"line":336,"column":null}},"114":{"start":{"line":335,"column":4},"end":{"line":335,"column":null}},"115":{"start":{"line":339,"column":34},"end":{"line":367,"column":null}},"116":{"start":{"line":341,"column":4},"end":{"line":345,"column":null}},"117":{"start":{"line":347,"column":2},"end":{"line":350,"column":null}},"118":{"start":{"line":348,"column":4},"end":{"line":348,"column":null}},"119":{"start":{"line":349,"column":4},"end":{"line":349,"column":null}},"120":{"start":{"line":352,"column":2},"end":{"line":355,"column":null}},"121":{"start":{"line":353,"column":4},"end":{"line":353,"column":null}},"122":{"start":{"line":354,"column":4},"end":{"line":354,"column":null}},"123":{"start":{"line":357,"column":2},"end":{"line":360,"column":null}},"124":{"start":{"line":358,"column":4},"end":{"line":358,"column":null}},"125":{"start":{"line":359,"column":4},"end":{"line":359,"column":null}},"126":{"start":{"line":362,"column":2},"end":{"line":366,"column":null}}},"fnMap":{"0":{"name":"(anonymous_0)","decl":{"start":{"line":9,"column":22},"end":{"line":9,"column":23}},"loc":{"start":{"line":9,"column":49},"end":{"line":20,"column":null}},"line":9},"1":{"name":"(anonymous_1)","decl":{"start":{"line":22,"column":23},"end":{"line":22,"column":24}},"loc":{"start":{"line":22,"column":55},"end":{"line":32,"column":null}},"line":22},"2":{"name":"(anonymous_2)","decl":{"start":{"line":34,"column":26},"end":{"line":34,"column":27}},"loc":{"start":{"line":34,"column":61},"end":{"line":40,"column":null}},"line":34},"3":{"name":"(anonymous_3)","decl":{"start":{"line":42,"column":21},"end":{"line":42,"column":27}},"loc":{"start":{"line":42,"column":27},"end":{"line":42,"column":null}},"line":42},"4":{"name":"(anonymous_4)","decl":{"start":{"line":44,"column":32},"end":{"line":44,"column":69}},"loc":{"start":{"line":44,"column":69},"end":{"line":76,"column":null}},"line":44},"5":{"name":"(anonymous_5)","decl":{"start":{"line":68,"column":31},"end":{"line":68,"column":32}},"loc":{"start":{"line":68,"column":45},"end":{"line":75,"column":3}},"line":68},"6":{"name":"(anonymous_6)","decl":{"start":{"line":78,"column":29},"end":{"line":78,"column":36}},"loc":{"start":{"line":78,"column":80},"end":{"line":133,"column":null}},"line":78},"7":{"name":"(anonymous_7)","decl":{"start":{"line":115,"column":47},"end":{"line":115,"column":48}},"loc":{"start":{"line":115,"column":59},"end":{"line":123,"column":4}},"line":115},"8":{"name":"(anonymous_8)","decl":{"start":{"line":135,"column":26},"end":{"line":135,"column":33}},"loc":{"start":{"line":135,"column":52},"end":{"line":140,"column":null}},"line":135},"9":{"name":"(anonymous_9)","decl":{"start":{"line":142,"column":29},"end":{"line":142,"column":30}},"loc":{"start":{"line":142,"column":74},"end":{"line":160,"column":null}},"line":142},"10":{"name":"(anonymous_10)","decl":{"start":{"line":143,"column":20},"end":{"line":143,"column":21}},"loc":{"start":{"line":143,"column":38},"end":{"line":159,"column":3}},"line":143},"11":{"name":"(anonymous_11)","decl":{"start":{"line":162,"column":34},"end":{"line":162,"column":41}},"loc":{"start":{"line":162,"column":69},"end":{"line":250,"column":null}},"line":162},"12":{"name":"(anonymous_12)","decl":{"start":{"line":252,"column":34},"end":{"line":252,"column":41}},"loc":{"start":{"line":252,"column":60},"end":{"line":270,"column":null}},"line":252},"13":{"name":"(anonymous_13)","decl":{"start":{"line":272,"column":35},"end":{"line":272,"column":42}},"loc":{"start":{"line":272,"column":59},"end":{"line":321,"column":null}},"line":272},"14":{"name":"(anonymous_14)","decl":{"start":{"line":323,"column":36},"end":{"line":323,"column":43}},"loc":{"start":{"line":327,"column":6},"end":{"line":337,"column":null}},"line":327},"15":{"name":"(anonymous_15)","decl":{"start":{"line":339,"column":34},"end":{"line":339,"column":41}},"loc":{"start":{"line":339,"column":60},"end":{"line":367,"column":null}},"line":339}},"branchMap":{"0":{"loc":{"start":{"line":39,"column":11},"end":{"line":39,"column":null}},"type":"binary-expr","locations":[{"start":{"line":39,"column":11},"end":{"line":39,"column":26}},{"start":{"line":39,"column":26},"end":{"line":39,"column":null}}],"line":39},"1":{"loc":{"start":{"line":64,"column":2},"end":{"line":66,"column":null}},"type":"if","locations":[{"start":{"line":64,"column":2},"end":{"line":66,"column":null}},{"start":{},"end":{}}],"line":64},"2":{"loc":{"start":{"line":68,"column":10},"end":{"line":68,"column":27}},"type":"binary-expr","locations":[{"start":{"line":68,"column":10},"end":{"line":68,"column":23}},{"start":{"line":68,"column":23},"end":{"line":68,"column":27}}],"line":68},"3":{"loc":{"start":{"line":69,"column":21},"end":{"line":69,"column":null}},"type":"cond-expr","locations":[{"start":{"line":69,"column":57},"end":{"line":69,"column":88}},{"start":{"line":69,"column":88},"end":{"line":69,"column":null}}],"line":69},"4":{"loc":{"start":{"line":70,"column":25},"end":{"line":70,"column":38}},"type":"binary-expr","locations":[{"start":{"line":70,"column":25},"end":{"line":70,"column":37}},{"start":{"line":70,"column":37},"end":{"line":70,"column":38}}],"line":70},"5":{"loc":{"start":{"line":73,"column":21},"end":{"line":73,"column":null}},"type":"cond-expr","locations":[{"start":{"line":73,"column":46},"end":{"line":73,"column":54}},{"start":{"line":73,"column":54},"end":{"line":73,"column":null}}],"line":73},"6":{"loc":{"start":{"line":80,"column":2},"end":{"line":82,"column":null}},"type":"if","locations":[{"start":{"line":80,"column":2},"end":{"line":82,"column":null}},{"start":{},"end":{}}],"line":80},"7":{"loc":{"start":{"line":90,"column":2},"end":{"line":92,"column":null}},"type":"if","locations":[{"start":{"line":90,"column":2},"end":{"line":92,"column":null}},{"start":{},"end":{}}],"line":90},"8":{"loc":{"start":{"line":111,"column":2},"end":{"line":113,"column":null}},"type":"if","locations":[{"start":{"line":111,"column":2},"end":{"line":113,"column":null}},{"start":{},"end":{}}],"line":111},"9":{"loc":{"start":{"line":115,"column":26},"end":{"line":115,"column":43}},"type":"binary-expr","locations":[{"start":{"line":115,"column":26},"end":{"line":115,"column":39}},{"start":{"line":115,"column":39},"end":{"line":115,"column":43}}],"line":115},"10":{"loc":{"start":{"line":125,"column":2},"end":{"line":130,"column":null}},"type":"if","locations":[{"start":{"line":125,"column":2},"end":{"line":130,"column":null}},{"start":{},"end":{}}],"line":125},"11":{"loc":{"start":{"line":127,"column":4},"end":{"line":129,"column":null}},"type":"if","locations":[{"start":{"line":127,"column":4},"end":{"line":129,"column":null}},{"start":{},"end":{}}],"line":127},"12":{"loc":{"start":{"line":137,"column":2},"end":{"line":139,"column":null}},"type":"if","locations":[{"start":{"line":137,"column":2},"end":{"line":139,"column":null}},{"start":{},"end":{}}],"line":137},"13":{"loc":{"start":{"line":147,"column":20},"end":{"line":147,"column":null}},"type":"binary-expr","locations":[{"start":{"line":147,"column":20},"end":{"line":147,"column":35}},{"start":{"line":147,"column":35},"end":{"line":147,"column":null}}],"line":147},"14":{"loc":{"start":{"line":147,"column":35},"end":{"line":147,"column":null}},"type":"cond-expr","locations":[{"start":{"line":147,"column":50},"end":{"line":147,"column":72}},{"start":{"line":147,"column":72},"end":{"line":147,"column":null}}],"line":147},"15":{"loc":{"start":{"line":154,"column":16},"end":{"line":154,"column":null}},"type":"cond-expr","locations":[{"start":{"line":154,"column":54},"end":{"line":154,"column":62}},{"start":{"line":154,"column":62},"end":{"line":154,"column":null}}],"line":154},"16":{"loc":{"start":{"line":155,"column":17},"end":{"line":155,"column":null}},"type":"binary-expr","locations":[{"start":{"line":155,"column":17},"end":{"line":155,"column":42}},{"start":{"line":155,"column":42},"end":{"line":155,"column":null}}],"line":155},"17":{"loc":{"start":{"line":165,"column":17},"end":{"line":165,"column":null}},"type":"binary-expr","locations":[{"start":{"line":165,"column":17},"end":{"line":165,"column":45}},{"start":{"line":165,"column":45},"end":{"line":165,"column":null}}],"line":165},"18":{"loc":{"start":{"line":166,"column":18},"end":{"line":166,"column":43}},"type":"binary-expr","locations":[{"start":{"line":166,"column":18},"end":{"line":166,"column":32}},{"start":{"line":166,"column":32},"end":{"line":166,"column":43}}],"line":166},"19":{"loc":{"start":{"line":172,"column":2},"end":{"line":198,"column":null}},"type":"if","locations":[{"start":{"line":172,"column":2},"end":{"line":198,"column":null}},{"start":{},"end":{}}],"line":172},"20":{"loc":{"start":{"line":180,"column":4},"end":{"line":182,"column":null}},"type":"if","locations":[{"start":{"line":180,"column":4},"end":{"line":182,"column":null}},{"start":{},"end":{}}],"line":180},"21":{"loc":{"start":{"line":185,"column":4},"end":{"line":187,"column":null}},"type":"if","locations":[{"start":{"line":185,"column":4},"end":{"line":187,"column":null}},{"start":{},"end":{}}],"line":185},"22":{"loc":{"start":{"line":190,"column":4},"end":{"line":195,"column":null}},"type":"if","locations":[{"start":{"line":190,"column":4},"end":{"line":195,"column":null}},{"start":{},"end":{}}],"line":190},"23":{"loc":{"start":{"line":192,"column":6},"end":{"line":194,"column":null}},"type":"if","locations":[{"start":{"line":192,"column":6},"end":{"line":194,"column":null}},{"start":{},"end":{}}],"line":192},"24":{"loc":{"start":{"line":204,"column":2},"end":{"line":206,"column":null}},"type":"if","locations":[{"start":{"line":204,"column":2},"end":{"line":206,"column":null}},{"start":{},"end":{}}],"line":204},"25":{"loc":{"start":{"line":212,"column":17},"end":{"line":212,"column":null}},"type":"cond-expr","locations":[{"start":{"line":212,"column":33},"end":{"line":212,"column":52}},{"start":{"line":212,"column":52},"end":{"line":212,"column":null}}],"line":212},"26":{"loc":{"start":{"line":223,"column":4},"end":{"line":226,"column":null}},"type":"if","locations":[{"start":{"line":223,"column":4},"end":{"line":226,"column":null}},{"start":{},"end":{}}],"line":223},"27":{"loc":{"start":{"line":229,"column":4},"end":{"line":232,"column":null}},"type":"if","locations":[{"start":{"line":229,"column":4},"end":{"line":232,"column":null}},{"start":{},"end":{}}],"line":229},"28":{"loc":{"start":{"line":237,"column":2},"end":{"line":239,"column":null}},"type":"if","locations":[{"start":{"line":237,"column":2},"end":{"line":239,"column":null}},{"start":{},"end":{}}],"line":237},"29":{"loc":{"start":{"line":238,"column":10},"end":{"line":238,"column":null}},"type":"binary-expr","locations":[{"start":{"line":238,"column":10},"end":{"line":238,"column":29}},{"start":{"line":238,"column":29},"end":{"line":238,"column":null}}],"line":238},"30":{"loc":{"start":{"line":242,"column":2},"end":{"line":247,"column":null}},"type":"if","locations":[{"start":{"line":242,"column":2},"end":{"line":247,"column":null}},{"start":{},"end":{}}],"line":242},"31":{"loc":{"start":{"line":244,"column":4},"end":{"line":246,"column":null}},"type":"if","locations":[{"start":{"line":244,"column":4},"end":{"line":246,"column":null}},{"start":{},"end":{}}],"line":244},"32":{"loc":{"start":{"line":258,"column":2},"end":{"line":260,"column":null}},"type":"if","locations":[{"start":{"line":258,"column":2},"end":{"line":260,"column":null}},{"start":{},"end":{}}],"line":258},"33":{"loc":{"start":{"line":262,"column":2},"end":{"line":264,"column":null}},"type":"if","locations":[{"start":{"line":262,"column":2},"end":{"line":264,"column":null}},{"start":{},"end":{}}],"line":262},"34":{"loc":{"start":{"line":268,"column":13},"end":{"line":268,"column":30}},"type":"binary-expr","locations":[{"start":{"line":268,"column":13},"end":{"line":268,"column":26}},{"start":{"line":268,"column":26},"end":{"line":268,"column":30}}],"line":268},"35":{"loc":{"start":{"line":284,"column":2},"end":{"line":289,"column":null}},"type":"if","locations":[{"start":{"line":284,"column":2},"end":{"line":289,"column":null}},{"start":{},"end":{}}],"line":284},"36":{"loc":{"start":{"line":285,"column":4},"end":{"line":287,"column":null}},"type":"if","locations":[{"start":{"line":285,"column":4},"end":{"line":287,"column":null}},{"start":{},"end":{}}],"line":285},"37":{"loc":{"start":{"line":292,"column":18},"end":{"line":292,"column":null}},"type":"binary-expr","locations":[{"start":{"line":292,"column":18},"end":{"line":292,"column":28}},{"start":{"line":292,"column":28},"end":{"line":292,"column":null}}],"line":292},"38":{"loc":{"start":{"line":294,"column":2},"end":{"line":304,"column":null}},"type":"if","locations":[{"start":{"line":294,"column":2},"end":{"line":304,"column":null}},{"start":{},"end":{}}],"line":294},"39":{"loc":{"start":{"line":295,"column":4},"end":{"line":297,"column":null}},"type":"if","locations":[{"start":{"line":295,"column":4},"end":{"line":297,"column":null}},{"start":{},"end":{}}],"line":295},"40":{"loc":{"start":{"line":298,"column":4},"end":{"line":300,"column":null}},"type":"if","locations":[{"start":{"line":298,"column":4},"end":{"line":300,"column":null}},{"start":{},"end":{}}],"line":298},"41":{"loc":{"start":{"line":301,"column":4},"end":{"line":303,"column":null}},"type":"if","locations":[{"start":{"line":301,"column":4},"end":{"line":303,"column":null}},{"start":{},"end":{}}],"line":301},"42":{"loc":{"start":{"line":313,"column":2},"end":{"line":315,"column":null}},"type":"if","locations":[{"start":{"line":313,"column":2},"end":{"line":315,"column":null}},{"start":{},"end":{}}],"line":313},"43":{"loc":{"start":{"line":319,"column":13},"end":{"line":319,"column":30}},"type":"binary-expr","locations":[{"start":{"line":319,"column":13},"end":{"line":319,"column":26}},{"start":{"line":319,"column":26},"end":{"line":319,"column":30}}],"line":319},"44":{"loc":{"start":{"line":334,"column":2},"end":{"line":336,"column":null}},"type":"if","locations":[{"start":{"line":334,"column":2},"end":{"line":336,"column":null}},{"start":{},"end":{}}],"line":334},"45":{"loc":{"start":{"line":347,"column":2},"end":{"line":350,"column":null}},"type":"if","locations":[{"start":{"line":347,"column":2},"end":{"line":350,"column":null}},{"start":{},"end":{}}],"line":347},"46":{"loc":{"start":{"line":352,"column":2},"end":{"line":355,"column":null}},"type":"if","locations":[{"start":{"line":352,"column":2},"end":{"line":355,"column":null}},{"start":{},"end":{}}],"line":352},"47":{"loc":{"start":{"line":357,"column":2},"end":{"line":360,"column":null}},"type":"if","locations":[{"start":{"line":357,"column":2},"end":{"line":360,"column":null}},{"start":{},"end":{}}],"line":357},"48":{"loc":{"start":{"line":364,"column":13},"end":{"line":364,"column":30}},"type":"binary-expr","locations":[{"start":{"line":364,"column":13},"end":{"line":364,"column":26}},{"start":{"line":364,"column":26},"end":{"line":364,"column":30}}],"line":364},"49":{"loc":{"start":{"line":365,"column":16},"end":{"line":365,"column":36}},"type":"binary-expr","locations":[{"start":{"line":365,"column":16},"end":{"line":365,"column":32}},{"start":{"line":365,"column":32},"end":{"line":365,"column":36}}],"line":365}},"s":{"0":1,"1":2,"2":1,"3":0,"4":1,"5":0,"6":1,"7":1,"8":1,"9":1,"10":1,"11":0,"12":1,"13":1,"14":1,"15":1,"16":1,"17":1,"18":1,"19":0,"20":1,"21":1,"22":0,"23":1,"24":1,"25":1,"26":1,"27":0,"28":1,"29":1,"30":1,"31":1,"32":1,"33":0,"34":1,"35":1,"36":0,"37":0,"38":0,"39":1,"40":1,"41":1,"42":1,"43":1,"44":1,"45":1,"46":1,"47":1,"48":1,"49":0,"50":1,"51":1,"52":0,"53":1,"54":1,"55":1,"56":1,"57":0,"58":1,"59":0,"60":0,"61":0,"62":0,"63":0,"64":0,"65":0,"66":0,"67":0,"68":0,"69":0,"70":0,"71":0,"72":0,"73":0,"74":0,"75":0,"76":0,"77":0,"78":0,"79":0,"80":0,"81":0,"82":0,"83":0,"84":1,"85":0,"86":0,"87":0,"88":0,"89":0,"90":0,"91":1,"92":0,"93":0,"94":0,"95":0,"96":0,"97":0,"98":0,"99":0,"100":0,"101":0,"102":0,"103":0,"104":0,"105":0,"106":0,"107":0,"108":0,"109":0,"110":0,"111":1,"112":1,"113":1,"114":0,"115":1,"116":0,"117":0,"118":0,"119":0,"120":0,"121":0,"122":0,"123":0,"124":0,"125":0,"126":0},"f":{"0":2,"1":0,"2":0,"3":1,"4":1,"5":1,"6":1,"7":1,"8":0,"9":1,"10":1,"11":1,"12":0,"13":0,"14":1,"15":0},"b":{"0":[0,0],"1":[0,1],"2":[1,0],"3":[0,1],"4":[1,0],"5":[1,0],"6":[0,1],"7":[0,1],"8":[0,1],"9":[1,0],"10":[1,0],"11":[0,1],"12":[0,0],"13":[1,0],"14":[0,0],"15":[0,1],"16":[1,1],"17":[1,1],"18":[1,1],"19":[1,0],"20":[0,1],"21":[0,1],"22":[1,0],"23":[0,1],"24":[0,0],"25":[0,0],"26":[0,0],"27":[0,0],"28":[0,0],"29":[0,0],"30":[0,0],"31":[0,0],"32":[0,0],"33":[0,0],"34":[0,0],"35":[0,0],"36":[0,0],"37":[0,0],"38":[0,0],"39":[0,0],"40":[0,0],"41":[0,0],"42":[0,0],"43":[0,0],"44":[0,1],"45":[0,0],"46":[0,0],"47":[0,0],"48":[0,0],"49":[0,0]},"meta":{"lastBranch":50,"lastFunction":16,"lastStatement":127,"seen":{"s:9:22:20:Infinity":0,"f:9:22:9:23":0,"s:9:49:20:Infinity":1,"s:22:23:32:Infinity":2,"f:22:23:22:24":1,"s:22:55:32:Infinity":3,"s:34:26:40:Infinity":4,"f:34:26:34:27":2,"s:34:61:40:Infinity":5,"b:39:11:39:26:39:26:39:Infinity":0,"s:42:21:42:Infinity":6,"f:42:21:42:27":3,"s:42:27:42:Infinity":7,"s:44:32:76:Infinity":8,"f:44:32:44:69":4,"s:45:49:62:Infinity":9,"b:64:2:66:Infinity:undefined:undefined:undefined:undefined":1,"s:64:2:66:Infinity":10,"s:65:4:65:Infinity":11,"s:68:2:75:Infinity":12,"b:68:10:68:23:68:23:68:27":2,"f:68:31:68:32":5,"s:69:21:69:Infinity":13,"b:69:57:69:88:69:88:69:Infinity":3,"s:70:18:70:Infinity":14,"b:70:25:70:37:70:37:70:38":4,"s:71:4:74:Infinity":15,"b:73:46:73:54:73:54:73:Infinity":5,"s:78:29:133:Infinity":16,"f:78:29:78:36":6,"s:79:47:79:Infinity":17,"b:80:2:82:Infinity:undefined:undefined:undefined:undefined":6,"s:80:2:82:Infinity":18,"s:81:4:81:Infinity":19,"s:84:49:88:Infinity":20,"b:90:2:92:Infinity:undefined:undefined:undefined:undefined":7,"s:90:2:92:Infinity":21,"s:91:4:91:Infinity":22,"s:94:8:94:Infinity":23,"s:95:25:95:Infinity":24,"s:97:57:109:Infinity":25,"b:111:2:113:Infinity:undefined:undefined:undefined:undefined":8,"s:111:2:113:Infinity":26,"s:112:4:112:Infinity":27,"s:115:8:123:Infinity":28,"b:115:26:115:39:115:39:115:43":9,"f:115:47:115:48":7,"s:115:59:123:4":29,"b:125:2:130:Infinity:undefined:undefined:undefined:undefined":10,"s:125:2:130:Infinity":30,"s:126:41:126:Infinity":31,"b:127:4:129:Infinity:undefined:undefined:undefined:undefined":11,"s:127:4:129:Infinity":32,"s:128:6:128:Infinity":33,"s:132:2:132:Infinity":34,"s:135:26:140:Infinity":35,"f:135:26:135:33":8,"s:136:20:136:Infinity":36,"b:137:2:139:Infinity:undefined:undefined:undefined:undefined":12,"s:137:2:139:Infinity":37,"s:138:4:138:Infinity":38,"s:142:29:160:Infinity":39,"f:142:29:142:30":9,"s:143:2:159:Infinity":40,"f:143:20:143:21":10,"s:146:25:146:Infinity":41,"s:147:20:147:Infinity":42,"b:147:20:147:35:147:35:147:Infinity":13,"b:147:50:147:72:147:72:147:Infinity":14,"s:149:4:158:Infinity":43,"b:154:54:154:62:154:62:154:Infinity":15,"b:155:17:155:42:155:42:155:Infinity":16,"s:162:34:250:Infinity":44,"f:162:34:162:41":11,"s:163:22:170:Infinity":45,"b:165:17:165:45:165:45:165:Infinity":17,"b:166:18:166:32:166:32:166:43":18,"b:172:2:198:Infinity:undefined:undefined:undefined:undefined":19,"s:172:2:198:Infinity":46,"s:173:54:178:Infinity":47,"b:180:4:
[...]
,"/Users/8teen/Documents/mitadt forms/src/pages/TestFormsPage.tsx": {"path":"/Users/8teen/Documents/mitadt forms/src/pages/TestFormsPage.tsx","statementMap":{"0":{"start":{"line":13,"column":22},"end":{"line":283,"column":null}},"1":{"start":{"line":14,"column":24},"end":{"line":14,"column":null}},"2":{"start":{"line":15,"column":26},"end":{"line":15,"column":null}},"3":{"start":{"line":16,"column":26},"end":{"line":16,"column":null}},"4":{"start":{"line":17,"column":34},"end":{"line":17,"column":null}},"5":{"start":{"line":18,"column":32},"end":{"line":18,"column":null}},"6":{"start":{"line":19,"column":24},"end":{"line":19,"column":null}},"7":{"start":{"line":20,"column":26},"end":{"line":20,"column":null}},"8":{"start":{"line":22,"column":10},"end":{"line":22,"column":null}},"9":{"start":{"line":24,"column":33},"end":{"line":70,"column":null}},"10":{"start":{"line":25,"column":45},"end":{"line":25,"column":null}},"11":{"start":{"line":26,"column":18},"end":{"line":26,"column":null}},"12":{"start":{"line":28,"column":8},"end":{"line":67,"column":null}},"13":{"start":{"line":29,"column":12},"end":{"line":29,"column":null}},"14":{"start":{"line":29,"column":54},"end":{"line":29,"column":null}},"15":{"start":{"line":31,"column":12},"end":{"line":66,"column":null}},"16":{"start":{"line":33,"column":20},"end":{"line":33,"column":null}},"17":{"start":{"line":34,"column":20},"end":{"line":34,"column":null}},"18":{"start":{"line":36,"column":20},"end":{"line":36,"column":null}},"19":{"start":{"line":37,"column":20},"end":{"line":37,"column":null}},"20":{"start":{"line":39,"column":20},"end":{"line":39,"column":null}},"21":{"start":{"line":40,"column":20},"end":{"line":40,"column":null}},"22":{"start":{"line":42,"column":52},"end":{"line":42,"column":null}},"23":{"start":{"line":43,"column":20},"end":{"line":43,"column":null}},"24":{"start":{"line":44,"column":20},"end":{"line":44,"column":null}},"25":{"start":{"line":47,"column":20},"end":{"line":47,"column":null}},"26":{"start":{"line":48,"column":20},"end":{"line":48,"column":null}},"27":{"start":{"line":50,"column":37},"end":{"line":50,"column":null}},"28":{"start":{"line":51,"column":20},"end":{"line":53,"column":null}},"29":{"start":{"line":52,"column":24},"end":{"line":52,"column":null}},"30":{"start":{"line":54,"column":20},"end":{"line":54,"column":null}},"31":{"start":{"line":57,"column":37},"end":{"line":57,"column":null}},"32":{"start":{"line":58,"column":20},"end":{"line":63,"column":null}},"33":{"start":{"line":60,"column":38},"end":{"line":60,"column":null}},"34":{"start":{"line":61,"column":41},"end":{"line":61,"column":null}},"35":{"start":{"line":61,"column":65},"end":{"line":61,"column":84}},"36":{"start":{"line":62,"column":24},"end":{"line":62,"column":null}},"37":{"start":{"line":64,"column":20},"end":{"line":64,"column":null}},"38":{"start":{"line":69,"column":8},"end":{"line":69,"column":null}},"39":{"start":{"line":72,"column":22},"end":{"line":130,"column":null}},"40":{"start":{"line":73,"column":8},"end":{"line":76,"column":null}},"41":{"start":{"line":74,"column":12},"end":{"line":74,"column":null}},"42":{"start":{"line":75,"column":12},"end":{"line":75,"column":null}},"43":{"start":{"line":78,"column":8},"end":{"line":78,"column":null}},"44":{"start":{"line":79,"column":8},"end":{"line":79,"column":null}},"45":{"start":{"line":80,"column":8},"end":{"line":80,"column":null}},"46":{"start":{"line":81,"column":8},"end":{"line":81,"column":null}},"47":{"start":{"line":82,"column":8},"end":{"line":82,"column":null}},"48":{"start":{"line":84,"column":8},"end":{"line":129,"column":null}},"49":{"start":{"line":86,"column":32},"end":{"line":86,"column":null}},"50":{"start":{"line":87,"column":27},"end":{"line":87,"column":null}},"51":{"start":{"line":90,"column":12},"end":{"line":124,"column":null}},"52":{"start":{"line":90,"column":25},"end":{"line":90,"column":28}},"53":{"start":{"line":91,"column":16},"end":{"line":94,"column":null}},"54":{"start":{"line":92,"column":20},"end":{"line":92,"column":null}},"55":{"start":{"line":92,"column":38},"end":{"line":92,"column":130}},"56":{"start":{"line":93,"column":20},"end":{"line":93,"column":null}},"57":{"start":{"line":96,"column":32},"end":{"line":96,"column":null}},"58":{"start":{"line":97,"column":40},"end":{"line":99,"column":null}},"59":{"start":{"line":97,"column":57},"end":{"line":97,"column":81}},"60":{"start":{"line":98,"column":47},"end":{"line":98,"column":71}},"61":{"start":{"line":101,"column":16},"end":{"line":117,"column":null}},"62":{"start":{"line":102,"column":20},"end":{"line":106,"column":null}},"63":{"start":{"line":108,"column":20},"end":{"line":111,"column":null}},"64":{"start":{"line":108,"column":38},"end":{"line":111,"column":21}},"65":{"start":{"line":113,"column":20},"end":{"line":116,"column":null}},"66":{"start":{"line":113,"column":38},"end":{"line":116,"column":21}},"67":{"start":{"line":119,"column":16},"end":{"line":119,"column":null}},"68":{"start":{"line":121,"column":16},"end":{"line":123,"column":null}},"69":{"start":{"line":122,"column":20},"end":{"line":122,"column":null}},"70":{"start":{"line":122,"column":51},"end":{"line":122,"column":77}},"71":{"start":{"line":126,"column":12},"end":{"line":126,"column":null}},"72":{"start":{"line":128,"column":12},"end":{"line":128,"column":null}},"73":{"start":{"line":132,"column":23},"end":{"line":134,"column":null}},"74":{"start":{"line":133,"column":8},"end":{"line":133,"column":null}},"75":{"start":{"line":136,"column":22},"end":{"line":140,"column":null}},"76":{"start":{"line":137,"column":8},"end":{"line":137,"column":null}},"77":{"start":{"line":138,"column":8},"end":{"line":138,"column":null}},"78":{"start":{"line":139,"column":8},"end":{"line":139,"column":null}},"79":{"start":{"line":142,"column":4},"end":{"line":281,"column":null}},"80":{"start":{"line":164,"column":49},"end":{"line":164,"column":null}},"81":{"start":{"line":179,"column":53},"end":{"line":179,"column":null}},"82":{"start":{"line":191,"column":53},"end":{"line":191,"column":null}},"83":{"start":{"line":259,"column":32},"end":{"line":270,"column":null}}},"fnMap":{"0":{"name":"(anonymous_0)","decl":{"start":{"line":13,"column":22},"end":{"line":13,"column":28}},"loc":{"start":{"line":13,"column":28},"end":{"line":283,"column":null}},"line":13},"1":{"name":"(anonymous_1)","decl":{"start":{"line":24,"column":33},"end":{"line":24,"column":34}},"loc":{"start":{"line":24,"column":64},"end":{"line":70,"column":null}},"line":24},"2":{"name":"(anonymous_2)","decl":{"start":{"line":28,"column":23},"end":{"line":28,"column":24}},"loc":{"start":{"line":28,"column":34},"end":{"line":67,"column":9}},"line":28},"3":{"name":"(anonymous_3)","decl":{"start":{"line":61,"column":59},"end":{"line":61,"column":65}},"loc":{"start":{"line":61,"column":65},"end":{"line":61,"column":84}},"line":61},"4":{"name":"(anonymous_4)","decl":{"start":{"line":72,"column":22},"end":{"line":72,"column":34}},"loc":{"start":{"line":72,"column":34},"end":{"line":130,"column":null}},"line":72},"5":{"name":"(anonymous_5)","decl":{"start":{"line":92,"column":28},"end":{"line":92,"column":29}},"loc":{"start":{"line":92,"column":38},"end":{"line":92,"column":130}},"line":92},"6":{"name":"(anonymous_6)","decl":{"start":{"line":97,"column":52},"end":{"line":97,"column":57}},"loc":{"start":{"line":97,"column":57},"end":{"line":97,"column":81}},"line":97},"7":{"name":"(anonymous_7)","decl":{"start":{"line":98,"column":42},"end":{"line":98,"column":47}},"loc":{"start":{"line":98,"column":47},"end":{"line":98,"column":71}},"line":98},"8":{"name":"(anonymous_8)","decl":{"start":{"line":108,"column":28},"end":{"line":108,"column":29}},"loc":{"start":{"line":108,"column":38},"end":{"line":111,"column":21}},"line":108},"9":{"name":"(anonymous_9)","decl":{"start":{"line":113,"column":28},"end":{"line":113,"column":29}},"loc":{"start":{"line":113,"column":38},"end":{"line":116,"column":21}},"line":113},"10":{"name":"(anonymous_10)","decl":{"start":{"line":122,"column":38},"end":{"line":122,"column":39}},"loc":{"start":{"line":122,"column":51},"end":{"line":122,"column":77}},"line":122},"11":{"name":"(anonymous_11)","decl":{"start":{"line":132,"column":23},"end":{"line":132,"column":29}},"loc":{"start":{"line":132,"column":29},"end":{"line":134,"column":null}},"line":132},"12":{"name":"(anonymous_12)","decl":{"start":{"line":136,"column":22},"end":{"line":136,"column":28}},"loc":{"start":{"line":136,"column":28},"end":{"line":140,"column":null}},"line":136},"13":{"name":"(anonymous_13)","decl":{"start":{"line":164,"column":42},"end":{"line":164,"column":43}},"loc":{"start":{"line":164,"column":49},"end":{"line":164,"column":null}},"line":164},"14":{"name":"(anonymous_14)","decl":{"start":{"line":179,"column":46},"end":{"line":179,"column":47}},"loc":{"start":{"line":179,"column":53},"end":{"line":179,"column":null}},"line":179},"15":{"name":"(anonymous_15)","decl":{"start":{"line":191,"column":46},"end":{"line":191,"column":47}},"loc":{"start":{"line":191,"column":53},"end":{"line":191,"column":null}},"line":191},"16":{"name":"(anonymous_16)","decl":{"start":{"line":258,"column":38},"end":{"line":258,"column":39}},"loc":{"start":{"line":259,"column":32},"end":{"line":270,"column":null}},"line":259}},"branchMap":{"0":{"loc":{"start":{"line":29,"column":12},"end":{"line":29,"column":null}},"type":"if","locations":[{"start":{"line":29,"column":12},"end":{"line":29,"column":null}},{"start":{},"end":{}}],"line":29},"1":{"loc":{"start":{"line":31,"column":12},"end":{"line":66,"column":null}},"type":"switch","locations":[{"start":{"line":32,"column":16},"end":{"line":34,"column":null}},{"start":{"line":35,"column":16},"end":{"line":37,"column":null}},{"start":{"line":38,"column":16},"end":{"line":40,"column":null}},{"start":{"line":41,"column":16},"end":{"line":45,"column":null}},{"start":{"line":46,"column":16},"end":{"line":48,"column":null}},{"start":{"line":49,"column":16},"end":{"line":55,"column":null}},{"start":{"line":56,"column":16},"end":{"line":65,"column":null}}],"line":31},"2":{"loc":{"start":{"line":42,"column":28},"end":{"line":42,"column":37}},"type":"default-arg","locations":[{"start":{"line":42,"column":34},"end":{"line":42,"column":37}}],"line":42},"3":{"loc":{"start":{"line":42,"column":37},"end":{"line":42,"column":47}},"type":"default-arg","locations":[{"start":{"line":42,"column":43},"end":{"line":42,"column":47}}],"line":42},"4":{"loc":{"start":{"line":42,"column":52},"end":{"line":42,"column":null}},"type":"binary-expr","locations":[{"start":{"line":42,"column":52},"end":{"line":42,"column":77}},{"start":{"line":42,"column":77},"end":{"line":42,"column":null}}],"line":42},"5":{"loc":{"start":{"line":50,"column":37},"end":{"line":50,"column":null}},"type":"binary-expr","locations":[{"start":{"line":50,"column":37},"end":{"line":50,"column":71}},{"start":{"line":50,"column":71},"end":{"line":50,"column":null}}],"line":50},"6":{"loc":{"start":{"line":51,"column":20},"end":{"line":53,"column":null}},"type":"if","locations":[{"start":{"line":51,"column":20},"end":{"line":53,"column":null}},{"start":{},"end":{}}],"line":51},"7":{"loc":{"start":{"line":57,"column":37},"end":{"line":57,"column":null}},"type":"binary-expr","locations":[{"start":{"line":57,"column":37},"end":{"line":57,"column":71}},{"start":{"line":57,"column":71},"end":{"line":57,"column":null}}],"line":57},"8":{"loc":{"start":{"line":58,"column":20},"end":{"line":63,"column":null}},"type":"if","locations":[{"start":{"line":58,"column":20},"end":{"line":63,"column":null}},{"start":{},"end":{}}],"line":58},"9":{"loc":{"start":{"line":73,"column":8},"end":{"line":76,"column":null}},"type":"if","locations":[{"start":{"line":73,"column":8},"end":{"line":76,"column":null}},{"start":{},"end":{}}],"line":73},"10":{"loc":{"start":{"line":91,"column":16},"end":{"line":94,"column":null}},"type":"if","locations":[{"start":{"line":91,"column":16},"end":{"line":94,"column":null}},{"start":{},"end":{}}],"line":91},"11":{"loc":{"start":{"line":97,"column":40},"end":{"line":99,"column":null}},"type":"cond-expr","locations":[{"start":{"line":98,"column":22},"end":{"line":98,"column":null}},{"start":{"line":99,"column":22},"end":{"line":99,"column":null}}],"line":97},"12":{"loc":{"start":{"line":121,"column":16},"end":{"line":123,"column":null}},"type":"if","locations":[{"start":{"line":121,"column":16},"end":{"line":123,"column":null}},{"start":{},"end":{}}],"line":121},"13":{"loc":{"start":{"line":126,"column":21},"end":{"line":126,"column":60}},"type":"binary-expr","locations":[{"start":{"line":126,"column":21},"end":{"line":126,"column":36}},{"start":{"line":126,"column":36},"end":{"line":126,"column":60}}],"line":126},"14":{"loc":{"start":{"line":198,"column":25},"end":{"line":202,"column":null}},"type":"binary-expr","locations":[{"start":{"line":198,"column":25},"end":{"line":198,"column":null}},{"start":{"line":199,"column":28},"end":{"line":202,"column":null}}],"line":198},"15":{"loc":{"start":{"line":206,"column":29},"end":{"line":221,"column":null}},"type":"cond-expr","locations":[{"start":{"line":207,"column":32},"end":{"line":213,"column":null}},{"start":{"line":215,"column":32},"end":{"line":221,"column":null}}],"line":206},"16":{"loc":{"start":{"line":232,"column":16},"end":{"line":273,"column":null}},"type":"binary-expr","locations":[{"start":{"line":235,"column":18},"end":{"line":235,"column":31}},{"start":{"line":235,"column":31},"end":{"line":235,"column":null}},{"start":{"line":236,"column":20},"end":{"line":273,"column":null}}],"line":232},"17":{"loc":{"start":{"line":253,"column":29},"end":{"line":256,"column":null}},"type":"binary-expr","locations":[{"start":{"line":253,"column":29},"end":{"line":253,"column":null}},{"start":{"line":254,"column":32},"end":{"line":256,"column":null}}],"line":253},"18":{"loc":{"start":{"line":263,"column":40},"end":{"line":265,"column":null}},"type":"cond-expr","locations":[{"start":{"line":264,"column":46},"end":{"line":264,"column":null}},{"start":{"line":265,"column":46},"end":{"line":265,"column":null}}],"line":263},"19":{"loc":{"start":{"line":268,"column":37},"end":{"line":268,"column":null}},"type":"cond-expr","locations":[{"start":{"line":268,"column":64},"end":{"line":268,"column":93}},{"start":{"line":268,"column":93},"end":{"line":268,"column":null}}],"line":268}},"s":{"0":0,"1":0,"2":0,"3":0,"4":0,"5":0,"6":0,"7":0,"8":0,"9":0,"10":0,"11":0,"12":0,"13":0,"14":0,"15":0,"16":0,"17":0,"18":0,"19":0,"20":0,"21":0,"22":0,"23":0,"24":0,"25":0,"26":0,"27":0,"28":0,"29":0,"30":0,"31":0,"32":0,"33":0,"34":0,"35":0,"36":0,"37":0,"38":0,"39":0,"40":0,"41":0,"42":0,"43":0,"44":0,"45":0,"46":0,"47":0,"48":0,"49":0,"50":0,"51":0,"52":0,"53":0,"54":0,"55":0,"56":0,"57":0,"58":0,"59":0,"60":0,"61":0,"62":0,"63":0,"64":0,"65":0,"66":0,"67":0,"68":0,"69":0,"70":0,"71":0,"72":0,"73":0,"74":0,"75":0,"76":0,"77":0,"78":0,"79":0,"80":0,"81":0,"82":0,"83":0},"f":{"0":0,"1":0,"2":0,"3":0,"4":0,"5":0,"6":0,"7":0,"8":0,"9":0,"10":0,"11":0,"12":0,"13":0,"14":0,"15":0,"16":0},"b":{"0":[0,0],"1":[0,0,0,0,0,0,0],"2":[0],"3":[0],"4":[0,0],"5":[0,0],"6":[0,0],"7":[0,0],"8":[0,0],"9":[0,0],"10":[0,0],"11":[0,0],"12":[0,0],"13":[0,0],"14":[0,0],"15":[0,0],"16":[0,0,0],"17":[0,0],"18":[0,0],"19":[0,0]},"meta":{"lastBranch":20,"lastFunction":17,"lastStatement":84,"seen":{"s:13:22:283:Infinity":0,"f:13:22:13:28":0,"s:14:24:14:Infinity":1,"s:15:26:15:Infinity":2,"s:16:26:16:Infinity":3,"s:17:34:17:Infinity":4,"s:18:32:18:Infinity":5,"s:19:24:19:Infinity":6,"s:20:26:20:Infinity":7,"s:22:10:22:Infinity":8,"s:24:33:70:Infinity":9,"f:24:33:24:34":1,"s:25:45:25:Infinity":10,"s:26:18:26:Infinity":11,"s:28:8:67:Infinity":12,"f:28:23:28:24":2,"b:29:12:29:Infinity:undefined:undefined:undefined:undefined":0,"s:29:12:29:Infinity":13,"s:29:54:29:Infinity":14,"b:32:16:34:Infinity:35:16:37:Infinity:38:16:40:Infinity:41:16:45:Infinity:46:16:48:Infinity:49:16:55:Infinity:56:16:65:Infinity":1,"s:31:12:66:Infinity":15,"s:33:20:33:Infinity":16,"s:34:20:34:Infinity":17,"s:36:20:36:Infinity":18,"s:37:20:37:Infinity":19,"s:39:20:39:Infinity":20,"s:40:20:40:Infinity":21,"s:42:52:42:Infinity":22,"b:42:34:42:37":2,"b:42:43:42:47":3,"b:42:52:42:77:42:77:42:Infinity":4,"s:43:20:43:Infinity":23,"s:44:20:44:Infinity":24,"s:47:20:47:Infinity":25,"s:48:20:48:Infinity":26,"s:50:37:50:Infinity":27,"b:50:37:50:71:50:71:50:Infinity":5,"b:51:20:53:Infinity:undefined:undefined:undefined:undefined":6,"s:51:20:53:Infinity":28,"s:52:24:52:Infinity":29,"s:54:20:54:Infinity":30,"s:57:37:57:Infinity":31,"b:57:37:57:71:57:71:57:Infinity":7,"b:58:20:63:Infinity:undefined:undefined:undefined:undefined":8,"s:58:20:63:Infinity":32,"s:60:38:60:Infinity":33,"s:61:41:61:Infinity":34,"f:61:59:61:65":3,"s:61:65:61:84":35,"s:62:24:62:Infinity":36,"s:64:20:64:Infinity":37,"s:69:8:69:Infinity":38,"s:72:22:130:Infinity":39,"f:72:22:72:34":4,"b:73:8:76:Infinity:undefined:undefined:undefined:undefined":9,"s:73:8:76:Infinity":40,"s:74:12:74:Infinity":41,"s:75:12:75:Infinity":42,"s:78:8:78:Infinity":43,"s:79:8:79:Infinity":44,"s:80:8:80:Infinity":45,"s:81:8:81:Infinity":46,"s:82:8:82:Infinity":47,"s:84:8:129:Infinity":48,"s:86:32:86:Infinity":49,"s:87:27:87:Infinity":50,"s:90:12:124:Infinity":51,"s:90:25:90:28":52,"b:91:16:94:Infinity:undefined:undefined:undefined:undefined":10,"s:91:16:94:Infinity":53,"s:92:20:92:Infinity":54,"f:92:28:92:29":5,"s:92:38:92:130":55,"s:93:20:93:Infinity":56,"s:96:32:96:Infinity":57,"s:97:40:99:Infinity":58,"b:98:22:98:Infinity:99:22:99:Infinity":11,"f:97:52:97:57":6,"s:97:57:97:81":59,"f:98:42:98:47":7,"s:98:47:98:71":60,"s:101:16:117:Infinity":61,"s:102:20:106:Infinity":62,"s:108:20:111:Infinity":63,"f:108:28:108:29":8,"s:108:38:111:21":64,"s:113:20:116:Infinity":65,"f:113:28:113:29":9,"s:113:38:116:21":66,"s:119:16:119:Infinity":67,"b:121:16:123:Infinity:undefined:undefined:undefined:undefined":12,"s:121:16:123:Infinity":68,"s:122:20:122:Infinity":69,"f:122:38:122:39":10,"s:122:51:122:77":70,"s:126:12:126:Infinity":71,"b:126:21:126:36:126:36:126:60":13,"s:128:12:128:Infinity":72,"s:132:23:134:Infinity":73,"f:132:23:132:29":11,"s:133:8:133:Infinity":74,"s:136:22:140:Infinity":75,"f:136:22:136:28":12,"s:137:8:137:Infinity":76,"s:138:8:138:Infinity":77,"s:139:8:139:Infinity":78,"s:142:4:281:Infinity":79,"f:164:42:164:43":13,"s:164:49:164:Infinity":80,"f:179:46:179:47":14,"s:179:53:179:Infinity":81,"f:191:46:191:47":15,"s:191:53:191:Infinity":82,"b:198:25:198:Infinity:199:28:202:Infinity":14,"b:207:32:213:Infinity:215:32:221:Infinity":15,"b:235:18:235:31:235:31:235:Infinity:236:20:273:Infinity":16,"b:253:29:253:Infinity:254:32:256:Infinity":17,"f:258:38:258:39":16,"s:259:32:270:Infinity":83,"b:264:46:264:Infinity:265:46:265:Infinity":18,"b:268:64:268:93:268:93:268:Infinity":19}}}
,"/Users/8teen/Documents/mitadt forms/src/types/forms.ts": {"path":"/Users/8teen/Documents/mitadt forms/src/types/forms.ts","statementMap":{},"fnMap":{},"branchMap":{},"s":{},"f":{},"b":{},"meta":{"lastBranch":0,"lastFunction":0,"lastStatement":0,"seen":{}}}
}
